#
# A fatal error has been detected by the Java Runtime Environment:
#
#  EXCEPTION_ACCESS_VIOLATION (0xc0000005) at pc=0x00007ffb12f4bc40, pid=5736, tid=8120
#
# JRE version: OpenJDK Runtime Environment (17.0.6) (build 17.0.6+0-b2043.56-10027231)
# Java VM: OpenJDK 64-Bit Server VM (17.0.6+0-b2043.56-10027231, mixed mode, tiered, compressed oops, compressed class ptrs, g1 gc, windows-amd64)
# Problematic frame:
# V  [jvm.dll+0x58bc40]
#
# No core dump will be written. Minidumps are not enabled by default on client versions of Windows
#
# If you would like to submit a bug report, please visit:
#   https://bugreport.java.com/bugreport/crash.jsp
#

---------------  S U M M A R Y ------------

Command Line: org.jetbrains.kotlin.cli.jvm.K2JVMCompiler @C:\Users\Touhid\Downloads\linphone-android\app\build\20240127_17246013749040481357.compiler.options

Host: Intel(R) Core(TM) i3-4160 CPU @ 3.60GHz, 4 cores, 15G,  Windows 11 , 64 bit Build 22621 (10.0.22621.2506)
Time: Sat Jan 27 23:30:45 2024 Bangladesh Standard Time elapsed time: 39.268622 seconds (0d 0h 0m 39s)

---------------  T H R E A D  ---------------

Current thread (0x000002da852070d0):  JavaThread "C2 CompilerThread1" daemon [_thread_in_native, id=8120, stack(0x000000ee11800000,0x000000ee11900000)]


Current CompileTask:
C2:  39268 18568       4       org.jetbrains.kotlin.resolve.calls.tower.ResolvedAtomCompleter::completeResolvedCall (453 bytes)

Stack: [0x000000ee11800000,0x000000ee11900000],  sp=0x000000ee118fabd0,  free space=1002k
Native frames: (J=compiled Java code, j=interpreted, Vv=VM code, C=native code)
V  [jvm.dll+0x58bc40]
V  [jvm.dll+0x589f77]
V  [jvm.dll+0x2243b2]
V  [jvm.dll+0x21d8bf]
V  [jvm.dll+0x21b51b]
V  [jvm.dll+0x1a4fdd]
V  [jvm.dll+0x22b098]
V  [jvm.dll+0x229159]
V  [jvm.dll+0x7f81ec]
V  [jvm.dll+0x7f274a]
V  [jvm.dll+0x682ad5]
C  [ucrtbase.dll+0x29363]
C  [KERNEL32.DLL+0x1257d]
C  [ntdll.dll+0x5aa58]


siginfo: EXCEPTION_ACCESS_VIOLATION (0xc0000005), reading address 0x000002d88deedfb0


Register to memory mapping:

RIP=0x00007ffb12f4bc40 jvm.dll
RAX=0x0000000000000002 is an unknown value
RBX=0x00000000000005c2 is an unknown value
RCX=0x000002da8deedef8 points into unknown readable memory: 0x00007ffb132e5b90 | 90 5b 2e 13 fb 7f 00 00
RDX=0x000002d88deedfb0 is an unknown value
RSP=0x000000ee118fabd0 is pointing into the stack for thread: 0x000002da852070d0
RBP=0x00000000000001b1 is an unknown value
RSI=0x00000000000001b0 is an unknown value
RDI=0x0000000000001113 is an unknown value
R8 =0x000002d88deedfc0 is an unknown value
R9 =0x000002da861d3000 points into unknown readable memory: 0x0000000000000002 | 02 00 00 00 00 00 00 00
R10=0x0000000000000001 is an unknown value
R11=0x000000ee118fab70 is pointing into the stack for thread: 0x000002da852070d0
R12=0x0 is NULL
R13=0x000000ee118fafb0 is pointing into the stack for thread: 0x000002da852070d0
R14=0x000002da88613930 points into unknown readable memory: 0x000002da8867d470 | 70 d4 67 88 da 02 00 00
R15=0x000002da8deedef8 points into unknown readable memory: 0x00007ffb132e5b90 | 90 5b 2e 13 fb 7f 00 00


Registers:
RAX=0x0000000000000002, RBX=0x00000000000005c2, RCX=0x000002da8deedef8, RDX=0x000002d88deedfb0
RSP=0x000000ee118fabd0, RBP=0x00000000000001b1, RSI=0x00000000000001b0, RDI=0x0000000000001113
R8 =0x000002d88deedfc0, R9 =0x000002da861d3000, R10=0x0000000000000001, R11=0x000000ee118fab70
R12=0x0000000000000000, R13=0x000000ee118fafb0, R14=0x000002da88613930, R15=0x000002da8deedef8
RIP=0x00007ffb12f4bc40, EFLAGS=0x0000000000010287

Top of Stack: (sp=0x000000ee118fabd0)
0x000000ee118fabd0:   00000000000005c2 000002da8db58868
0x000000ee118fabe0:   000002da000005c2 000002da8e024ea0
0x000000ee118fabf0:   0000000000000000 0000000000000002
0x000000ee118fac00:   00000000000a81a8 000002da8b97dfd0
0x000000ee118fac10:   0000000000002227 000002da852619e0
0x000000ee118fac20:   000000ee118fad30 00007ffb12f49f77
0x000000ee118fac30:   000000ee118fafb0 000000ee000005c2
0x000000ee118fac40:   000002da8db588d0 000000ee118fafb0
0x000000ee118fac50:   000002da8bd40740 00007ffb131c4d6f
0x000000ee118fac60:   0000000000020010 0000000000000000
0x000000ee118fac70:   0000000000020020 0000000000000000
0x000000ee118fac80:   0000000000000002 000002da843173c0
0x000000ee118fac90:   000002da00000002 000002da85247a30
0x000000ee118faca0:   000002dae3b50000 00007ffb00000002
0x000000ee118facb0:   0000000000020010 0000000000020020
0x000000ee118facc0:   0000000000000000 000000ee118facd0 

Instructions: (pc=0x00007ffb12f4bc40)
0x00007ffb12f4bb40:   1e 44 8b c7 33 d2 49 c1 e0 03 48 8b c8 e8 40 31
0x00007ffb12f4bb50:   31 00 49 8b 47 10 48 8b 98 d0 02 00 00 eb 21 49
0x00007ffb12f4bb60:   8b 47 10 48 8b 98 d0 02 00 00 85 ff 75 12 bf 01
0x00007ffb12f4bb70:   00 00 00 8b cf 8d 57 07 e8 83 3b dc ff 4c 8b f0
0x00007ffb12f4bb80:   be 01 00 00 00 49 89 1e 8b de 89 5c 24 68 44 8b
0x00007ffb12f4bb90:   eb 44 8b c3 0f 1f 40 00 0f 1f 84 00 00 00 00 00
0x00007ffb12f4bba0:   49 8b 87 98 09 00 00 48 63 ce 4d 8b 4c ce f8 4c
0x00007ffb12f4bbb0:   89 4c 24 70 41 8b 49 28 48 8d 14 88 8b 04 88 85
0x00007ffb12f4bbc0:   c0 0f 85 48 01 00 00 8d 04 1b 89 02 41 8b 41 20
0x00007ffb12f4bbd0:   83 e8 01 4c 63 e0 0f 88 28 01 00 00 4c 8b 6c 24
0x00007ffb12f4bbe0:   60 8d 6e 01 0f 1f 40 00 0f 1f 84 00 00 00 00 00
0x00007ffb12f4bbf0:   49 8b 41 10 4e 8b 3c e0 49 8b cf 49 8b 07 ff 50
0x00007ffb12f4bc00:   10 84 c0 0f 84 e7 00 00 00 4d 8b 8d 98 09 00 00
0x00007ffb12f4bc10:   41 8b 47 28 41 83 3c 81 00 0f 85 d1 00 00 00 49
0x00007ffb12f4bc20:   8b 57 10 41 8b 47 20 4c 8d 04 c2 49 3b d0 0f 83
0x00007ffb12f4bc30:   bc 00 00 00 0f 1f 40 00 0f 1f 84 00 00 00 00 00
0x00007ffb12f4bc40:   48 8b 02 8b 48 28 41 8b 04 89 85 c0 74 0a a8 01
0x00007ffb12f4bc50:   75 06 d1 e8 3b c3 7c 0e 48 83 c2 08 49 3b d0 72
0x00007ffb12f4bc60:   df e9 8a 00 00 00 3b f7 75 7b 85 ed 74 0b 8d 45
0x00007ffb12f4bc70:   ff 85 c5 75 04 8b fd eb 0c 0f bd cd bf 01 00 00
0x00007ffb12f4bc80:   00 ff c1 d3 e7 ba 08 00 00 00 8b cf e8 6f 3a dc
0x00007ffb12f4bc90:   ff 45 33 c9 48 8b d8 85 f6 7e 26 48 8b d0 44 8b
0x00007ffb12f4bca0:   c6 4c 2b f0 44 8b ce 66 0f 1f 84 00 00 00 00 00
0x00007ffb12f4bcb0:   49 8b 0c 16 48 89 0a 48 8d 52 08 49 83 e8 01 75
0x00007ffb12f4bcc0:   ef 44 3b cf 7d 18 49 63 c1 44 8b c7 45 2b c1 33
0x00007ffb12f4bcd0:   d2 49 c1 e0 03 48 8d 0c c3 e8 b4 2f 31 00 4c 8b
0x00007ffb12f4bce0:   f3 8b 5c 24 68 48 63 c6 ff c6 ff c5 4d 89 3c c6
0x00007ffb12f4bcf0:   49 83 ec 01 4c 8b 4c 24 70 0f 89 f1 fe ff ff 4c
0x00007ffb12f4bd00:   8b 7c 24 60 ff c3 89 5c 24 68 e9 82 01 00 00 a8
0x00007ffb12f4bd10:   01 0f 85 76 01 00 00 41 8b 41 20 83 e8 01 4c 63
0x00007ffb12f4bd20:   e0 0f 88 cd 00 00 00 8d 5e 01 66 0f 1f 44 00 00
0x00007ffb12f4bd30:   49 8b 41 10 4a 8b 2c e0 48 8b cd 48 8b 45 00 ff 


Stack slot to memory mapping:
stack at sp + 0 slots: 0x00000000000005c2 is an unknown value
stack at sp + 1 slots: 0x000002da8db58868 points into unknown readable memory: 0x00007ffb132e5e08 | 08 5e 2e 13 fb 7f 00 00
stack at sp + 2 slots: 0x000002da000005c2 is an unknown value
stack at sp + 3 slots: 0x000002da8e024ea0 points into unknown readable memory: 0x0000000000000000 | 00 00 00 00 00 00 00 00
stack at sp + 4 slots: 0x0 is NULL
stack at sp + 5 slots: 0x0000000000000002 is an unknown value
stack at sp + 6 slots: 0x00000000000a81a8 is an unknown value
stack at sp + 7 slots: 0x000002da8b97dfd0 points into unknown readable memory: 0xffffffffffffffff | ff ff ff ff ff ff ff ff


---------------  P R O C E S S  ---------------

Threads class SMR info:
_java_thread_list=0x000002da85221310, length=13, elements={
0x000002dae5d541c0, 0x000002da8406e260, 0x000002da8406f0d0, 0x000002da8405a680,
0x000002da840ae020, 0x000002da840ae8e0, 0x000002da840af1a0, 0x000002da840afe80,
0x000002da840b4880, 0x000002da84132600, 0x000002da84213970, 0x000002da84225010,
0x000002da852070d0
}

Java Threads: ( => current thread )
  0x000002dae5d541c0 JavaThread "main" [_thread_in_Java, id=10488, stack(0x000000ee10400000,0x000000ee10500000)]
  0x000002da8406e260 JavaThread "Reference Handler" daemon [_thread_blocked, id=3892, stack(0x000000ee10b00000,0x000000ee10c00000)]
  0x000002da8406f0d0 JavaThread "Finalizer" daemon [_thread_blocked, id=12028, stack(0x000000ee10c00000,0x000000ee10d00000)]
  0x000002da8405a680 JavaThread "Signal Dispatcher" daemon [_thread_blocked, id=11276, stack(0x000000ee10d00000,0x000000ee10e00000)]
  0x000002da840ae020 JavaThread "Attach Listener" daemon [_thread_blocked, id=10708, stack(0x000000ee10e00000,0x000000ee10f00000)]
  0x000002da840ae8e0 JavaThread "Service Thread" daemon [_thread_blocked, id=11424, stack(0x000000ee10f00000,0x000000ee11000000)]
  0x000002da840af1a0 JavaThread "Monitor Deflation Thread" daemon [_thread_blocked, id=6944, stack(0x000000ee11000000,0x000000ee11100000)]
  0x000002da840afe80 JavaThread "C2 CompilerThread0" daemon [_thread_in_native, id=6192, stack(0x000000ee11100000,0x000000ee11200000)]
  0x000002da840b4880 JavaThread "C1 CompilerThread0" daemon [_thread_blocked, id=11284, stack(0x000000ee11200000,0x000000ee11300000)]
  0x000002da84132600 JavaThread "Sweeper thread" daemon [_thread_blocked, id=12272, stack(0x000000ee11300000,0x000000ee11400000)]
  0x000002da84213970 JavaThread "Notification Thread" daemon [_thread_blocked, id=12280, stack(0x000000ee11400000,0x000000ee11500000)]
  0x000002da84225010 JavaThread "Common-Cleaner" daemon [_thread_blocked, id=11136, stack(0x000000ee11600000,0x000000ee11700000)]
=>0x000002da852070d0 JavaThread "C2 CompilerThread1" daemon [_thread_in_native, id=8120, stack(0x000000ee11800000,0x000000ee11900000)]

Other Threads:
  0x000002da8404ce00 VMThread "VM Thread" [stack: 0x000000ee10a00000,0x000000ee10b00000] [id=11080]
  0x000002dafd9337a0 WatcherThread [stack: 0x000000ee11500000,0x000000ee11600000] [id=2180]
  0x000002dafd920d00 GCTaskThread "GC Thread#0" [stack: 0x000000ee10500000,0x000000ee10600000] [id=10808]
  0x000002da8507ff70 GCTaskThread "GC Thread#1" [stack: 0x000000ee11900000,0x000000ee11a00000] [id=6680]
  0x000002da85080220 GCTaskThread "GC Thread#2" [stack: 0x000000ee11a00000,0x000000ee11b00000] [id=9960]
  0x000002da84f41420 GCTaskThread "GC Thread#3" [stack: 0x000000ee11b00000,0x000000ee11c00000] [id=2772]
  0x000002dae5dad820 ConcurrentGCThread "G1 Main Marker" [stack: 0x000000ee10600000,0x000000ee10700000] [id=10504]
  0x000002dae5dae2d0 ConcurrentGCThread "G1 Conc#0" [stack: 0x000000ee10700000,0x000000ee10800000] [id=11588]
  0x000002dafda1a640 ConcurrentGCThread "G1 Refine#0" [stack: 0x000000ee10800000,0x000000ee10900000] [id=11580]
  0x000002da8952fc30 ConcurrentGCThread "G1 Refine#1" [stack: 0x000000ee11c00000,0x000000ee11d00000] [id=6720]
  0x000002da86948e80 ConcurrentGCThread "G1 Refine#2" [stack: 0x000000ee11d00000,0x000000ee11e00000] [id=4044]
  0x000002dafda1c070 ConcurrentGCThread "G1 Service" [stack: 0x000000ee10900000,0x000000ee10a00000] [id=11100]

Threads with active compile tasks:
C2 CompilerThread0    39361 18588       4       org.jetbrains.kotlin.resolve.calls.components.KotlinCallCompleter::runCompletion (24 bytes)
C2 CompilerThread1    39361 18568       4       org.jetbrains.kotlin.resolve.calls.tower.ResolvedAtomCompleter::completeResolvedCall (453 bytes)

VM state: not at safepoint (normal execution)

VM Mutex/Monitor currently owned by a thread: None

Heap address: 0x0000000702000000, size: 4064 MB, Compressed Oops mode: Zero based, Oop shift amount: 3

CDS archive(s) not mapped
Compressed class space mapped at: 0x0000000800000000-0x0000000840000000, reserved size: 1073741824
Narrow klass base: 0x0000000800000000, Narrow klass shift: 0, Narrow klass range: 0x40000000

GC Precious Log:
 CPUs: 4 total, 4 available
 Memory: 16250M
 Large Page Support: Disabled
 NUMA Support: Disabled
 Compressed Oops: Enabled (Zero based)
 Heap Region Size: 2M
 Heap Min Capacity: 8M
 Heap Initial Capacity: 254M
 Heap Max Capacity: 4064M
 Pre-touch: Disabled
 Parallel Workers: 4
 Concurrent Workers: 1
 Concurrent Refinement Workers: 4
 Periodic GC: Disabled

Heap:
 garbage-first heap   total 835584K, used 491816K [0x0000000702000000, 0x0000000800000000)
  region size 2048K, 164 young (335872K), 17 survivors (34816K)
 Metaspace       used 75927K, committed 76480K, reserved 1122304K
  class space    used 8385K, committed 8640K, reserved 1048576K

Heap Regions: E=young(eden), S=young(survivor), O=old, HS=humongous(starts), HC=humongous(continues), CS=collection set, F=free, OA=open archive, CA=closed archive, TAMS=top-at-mark-start (previous, next)
|   0|0x0000000702000000, 0x0000000702200000, 0x0000000702200000|100%|HS|  |TAMS 0x0000000702200000, 0x0000000702000000| Complete 
|   1|0x0000000702200000, 0x0000000702400000, 0x0000000702400000|100%|HC|  |TAMS 0x0000000702400000, 0x0000000702200000| Complete 
|   2|0x0000000702400000, 0x0000000702600000, 0x0000000702600000|100%| O|  |TAMS 0x0000000702600000, 0x0000000702400000| Untracked 
|   3|0x0000000702600000, 0x0000000702800000, 0x0000000702800000|100%| O|  |TAMS 0x0000000702800000, 0x0000000702600000| Untracked 
|   4|0x0000000702800000, 0x0000000702a00000, 0x0000000702a00000|100%|HS|  |TAMS 0x0000000702a00000, 0x0000000702800000| Complete 
|   5|0x0000000702a00000, 0x0000000702c00000, 0x0000000702c00000|100%|HC|  |TAMS 0x0000000702c00000, 0x0000000702a00000| Complete 
|   6|0x0000000702c00000, 0x0000000702e00000, 0x0000000702e00000|100%| O|  |TAMS 0x0000000702e00000, 0x0000000702c00000| Untracked 
|   7|0x0000000702e00000, 0x0000000703000000, 0x0000000703000000|100%| O|  |TAMS 0x0000000703000000, 0x0000000702e00000| Untracked 
|   8|0x0000000703000000, 0x0000000703200000, 0x0000000703200000|100%| O|  |TAMS 0x0000000703200000, 0x0000000703000000| Untracked 
|   9|0x0000000703200000, 0x0000000703400000, 0x0000000703400000|100%| O|  |TAMS 0x0000000703400000, 0x0000000703200000| Untracked 
|  10|0x0000000703400000, 0x0000000703600000, 0x0000000703600000|100%| O|  |TAMS 0x0000000703600000, 0x0000000703400000| Untracked 
|  11|0x0000000703600000, 0x0000000703800000, 0x0000000703800000|100%| O|  |TAMS 0x0000000703800000, 0x0000000703600000| Untracked 
|  12|0x0000000703800000, 0x0000000703a00000, 0x0000000703a00000|100%| O|  |TAMS 0x0000000703a00000, 0x0000000703800000| Untracked 
|  13|0x0000000703a00000, 0x0000000703c00000, 0x0000000703c00000|100%| O|  |TAMS 0x0000000703c00000, 0x0000000703a00000| Untracked 
|  14|0x0000000703c00000, 0x0000000703e00000, 0x0000000703e00000|100%| O|  |TAMS 0x0000000703e00000, 0x0000000703c00000| Untracked 
|  15|0x0000000703e00000, 0x0000000704000000, 0x0000000704000000|100%| O|  |TAMS 0x0000000704000000, 0x0000000703e00000| Untracked 
|  16|0x0000000704000000, 0x0000000704200000, 0x0000000704200000|100%|HS|  |TAMS 0x0000000704200000, 0x0000000704000000| Complete 
|  17|0x0000000704200000, 0x0000000704400000, 0x0000000704400000|100%| O|  |TAMS 0x0000000704400000, 0x0000000704200000| Untracked 
|  18|0x0000000704400000, 0x0000000704600000, 0x0000000704600000|100%| O|  |TAMS 0x0000000704600000, 0x0000000704400000| Untracked 
|  19|0x0000000704600000, 0x0000000704800000, 0x0000000704800000|100%| O|  |TAMS 0x0000000704800000, 0x0000000704600000| Untracked 
|  20|0x0000000704800000, 0x0000000704a00000, 0x0000000704a00000|100%| O|  |TAMS 0x0000000704a00000, 0x0000000704800000| Untracked 
|  21|0x0000000704a00000, 0x0000000704c00000, 0x0000000704c00000|100%| O|  |TAMS 0x0000000704c00000, 0x0000000704a00000| Untracked 
|  22|0x0000000704c00000, 0x0000000704e00000, 0x0000000704e00000|100%| O|  |TAMS 0x0000000704e00000, 0x0000000704c00000| Untracked 
|  23|0x0000000704e00000, 0x0000000705000000, 0x0000000705000000|100%| O|  |TAMS 0x0000000705000000, 0x0000000704e00000| Untracked 
|  24|0x0000000705000000, 0x0000000705200000, 0x0000000705200000|100%| O|  |TAMS 0x0000000705200000, 0x0000000705000000| Untracked 
|  25|0x0000000705200000, 0x0000000705400000, 0x0000000705400000|100%| O|  |TAMS 0x0000000705200000, 0x0000000705200000| Untracked 
|  26|0x0000000705400000, 0x0000000705600000, 0x0000000705600000|100%| O|  |TAMS 0x0000000705600000, 0x0000000705400000| Untracked 
|  27|0x0000000705600000, 0x0000000705800000, 0x0000000705800000|100%| O|  |TAMS 0x0000000705800000, 0x0000000705600000| Untracked 
|  28|0x0000000705800000, 0x0000000705a00000, 0x0000000705a00000|100%| O|  |TAMS 0x0000000705a00000, 0x0000000705800000| Untracked 
|  29|0x0000000705a00000, 0x0000000705c00000, 0x0000000705c00000|100%| O|  |TAMS 0x0000000705c00000, 0x0000000705a00000| Untracked 
|  30|0x0000000705c00000, 0x0000000705e00000, 0x0000000705e00000|100%| O|  |TAMS 0x0000000705e00000, 0x0000000705c00000| Untracked 
|  31|0x0000000705e00000, 0x0000000706000000, 0x0000000706000000|100%| O|  |TAMS 0x0000000706000000, 0x0000000705e00000| Untracked 
|  32|0x0000000706000000, 0x0000000706200000, 0x0000000706200000|100%|HS|  |TAMS 0x0000000706200000, 0x0000000706000000| Complete 
|  33|0x0000000706200000, 0x0000000706400000, 0x0000000706400000|100%| O|  |TAMS 0x0000000706400000, 0x0000000706200000| Untracked 
|  34|0x0000000706400000, 0x0000000706600000, 0x0000000706600000|100%| O|  |TAMS 0x0000000706600000, 0x0000000706400000| Untracked 
|  35|0x0000000706600000, 0x0000000706800000, 0x0000000706800000|100%| O|  |TAMS 0x0000000706800000, 0x0000000706600000| Untracked 
|  36|0x0000000706800000, 0x0000000706a00000, 0x0000000706a00000|100%| O|  |TAMS 0x0000000706a00000, 0x0000000706800000| Untracked 
|  37|0x0000000706a00000, 0x0000000706c00000, 0x0000000706c00000|100%| O|  |TAMS 0x0000000706c00000, 0x0000000706a00000| Untracked 
|  38|0x0000000706c00000, 0x0000000706e00000, 0x0000000706e00000|100%| O|  |TAMS 0x0000000706e00000, 0x0000000706c00000| Untracked 
|  39|0x0000000706e00000, 0x0000000707000000, 0x0000000707000000|100%| O|  |TAMS 0x0000000707000000, 0x0000000706e00000| Untracked 
|  40|0x0000000707000000, 0x0000000707200000, 0x0000000707200000|100%| O|  |TAMS 0x0000000707200000, 0x0000000707000000| Untracked 
|  41|0x0000000707200000, 0x0000000707400000, 0x0000000707400000|100%| O|  |TAMS 0x0000000707400000, 0x0000000707200000| Untracked 
|  42|0x0000000707400000, 0x0000000707600000, 0x0000000707600000|100%| O|  |TAMS 0x0000000707600000, 0x0000000707400000| Untracked 
|  43|0x0000000707600000, 0x0000000707800000, 0x0000000707800000|100%| O|  |TAMS 0x0000000707800000, 0x0000000707600000| Untracked 
|  44|0x0000000707800000, 0x0000000707a00000, 0x0000000707a00000|100%| O|  |TAMS 0x0000000707a00000, 0x0000000707800000| Untracked 
|  45|0x0000000707a00000, 0x0000000707c00000, 0x0000000707c00000|100%| O|  |TAMS 0x0000000707c00000, 0x0000000707a00000| Untracked 
|  46|0x0000000707c00000, 0x0000000707e00000, 0x0000000707e00000|100%| O|  |TAMS 0x0000000707e00000, 0x0000000707c00000| Untracked 
|  47|0x0000000707e00000, 0x0000000708000000, 0x0000000708000000|100%| O|  |TAMS 0x0000000708000000, 0x0000000707e00000| Untracked 
|  48|0x0000000708000000, 0x0000000708200000, 0x0000000708200000|100%| O|  |TAMS 0x0000000708200000, 0x0000000708000000| Untracked 
|  49|0x0000000708200000, 0x0000000708400000, 0x0000000708400000|100%| O|  |TAMS 0x0000000708400000, 0x0000000708200000| Untracked 
|  50|0x0000000708400000, 0x0000000708600000, 0x0000000708600000|100%| O|  |TAMS 0x0000000708600000, 0x0000000708400000| Untracked 
|  51|0x0000000708600000, 0x0000000708800000, 0x0000000708800000|100%| O|  |TAMS 0x0000000708800000, 0x0000000708600000| Untracked 
|  52|0x0000000708800000, 0x0000000708a00000, 0x0000000708a00000|100%| O|  |TAMS 0x0000000708a00000, 0x0000000708800000| Untracked 
|  53|0x0000000708a00000, 0x0000000708a00000, 0x0000000708c00000|  0%| F|  |TAMS 0x0000000708a00000, 0x0000000708a00000| Untracked 
|  54|0x0000000708c00000, 0x0000000708e00000, 0x0000000708e00000|100%| O|  |TAMS 0x0000000708e00000, 0x0000000708c00000| Untracked 
|  55|0x0000000708e00000, 0x0000000709000000, 0x0000000709000000|100%| O|  |TAMS 0x0000000709000000, 0x0000000708e00000| Untracked 
|  56|0x0000000709000000, 0x0000000709200000, 0x0000000709200000|100%| O|  |TAMS 0x0000000709200000, 0x0000000709000000| Untracked 
|  57|0x0000000709200000, 0x0000000709400000, 0x0000000709400000|100%| O|  |TAMS 0x0000000709400000, 0x0000000709200000| Untracked 
|  58|0x0000000709400000, 0x0000000709600000, 0x0000000709600000|100%| O|  |TAMS 0x0000000709600000, 0x0000000709400000| Untracked 
|  59|0x0000000709600000, 0x0000000709800000, 0x0000000709800000|100%| O|  |TAMS 0x0000000709800000, 0x0000000709600000| Untracked 
|  60|0x0000000709800000, 0x0000000709a00000, 0x0000000709a00000|100%| O|  |TAMS 0x0000000709a00000, 0x0000000709800000| Untracked 
|  61|0x0000000709a00000, 0x0000000709c00000, 0x0000000709c00000|100%| O|  |TAMS 0x0000000709c00000, 0x0000000709a00000| Untracked 
|  62|0x0000000709c00000, 0x0000000709e00000, 0x0000000709e00000|100%| O|  |TAMS 0x0000000709d96c00, 0x0000000709c00000| Untracked 
|  63|0x0000000709e00000, 0x000000070a000000, 0x000000070a000000|100%| O|  |TAMS 0x0000000709e00000, 0x0000000709e00000| Untracked 
|  64|0x000000070a000000, 0x000000070a200000, 0x000000070a200000|100%| O|  |TAMS 0x000000070a000000, 0x000000070a000000| Untracked 
|  65|0x000000070a200000, 0x000000070a400000, 0x000000070a400000|100%| O|  |TAMS 0x000000070a200000, 0x000000070a200000| Untracked 
|  66|0x000000070a400000, 0x000000070a600000, 0x000000070a600000|100%| O|  |TAMS 0x000000070a400000, 0x000000070a400000| Untracked 
|  67|0x000000070a600000, 0x000000070a800000, 0x000000070a800000|100%| O|  |TAMS 0x000000070a600000, 0x000000070a600000| Untracked 
|  68|0x000000070a800000, 0x000000070aa00000, 0x000000070aa00000|100%| O|  |TAMS 0x000000070a800000, 0x000000070a800000| Untracked 
|  69|0x000000070aa00000, 0x000000070ac00000, 0x000000070ac00000|100%| O|  |TAMS 0x000000070aa00000, 0x000000070aa00000| Untracked 
|  70|0x000000070ac00000, 0x000000070ae00000, 0x000000070ae00000|100%| O|  |TAMS 0x000000070ac00000, 0x000000070ac00000| Untracked 
|  71|0x000000070ae00000, 0x000000070b000000, 0x000000070b000000|100%| O|  |TAMS 0x000000070ae00000, 0x000000070ae00000| Untracked 
|  72|0x000000070b000000, 0x000000070b200000, 0x000000070b200000|100%| O|  |TAMS 0x000000070b000000, 0x000000070b000000| Untracked 
|  73|0x000000070b200000, 0x000000070b345c00, 0x000000070b400000| 63%| O|  |TAMS 0x000000070b200000, 0x000000070b200000| Untracked 
|  74|0x000000070b400000, 0x000000070b600000, 0x000000070b600000|100%|HS|  |TAMS 0x000000070b400000, 0x000000070b400000| Complete 
|  75|0x000000070b600000, 0x000000070b800000, 0x000000070b800000|100%|HC|  |TAMS 0x000000070b600000, 0x000000070b600000| Complete 
|  76|0x000000070b800000, 0x000000070ba00000, 0x000000070ba00000|100%|HC|  |TAMS 0x000000070b800000, 0x000000070b800000| Complete 
|  77|0x000000070ba00000, 0x000000070bc00000, 0x000000070bc00000|100%|HC|  |TAMS 0x000000070ba00000, 0x000000070ba00000| Complete 
|  78|0x000000070bc00000, 0x000000070be00000, 0x000000070be00000|100%|HC|  |TAMS 0x000000070bc00000, 0x000000070bc00000| Complete 
|  79|0x000000070be00000, 0x000000070be00000, 0x000000070c000000|  0%| F|  |TAMS 0x000000070be00000, 0x000000070be00000| Untracked 
|  80|0x000000070c000000, 0x000000070c000000, 0x000000070c200000|  0%| F|  |TAMS 0x000000070c000000, 0x000000070c000000| Untracked 
|  81|0x000000070c200000, 0x000000070c200000, 0x000000070c400000|  0%| F|  |TAMS 0x000000070c200000, 0x000000070c200000| Untracked 
|  82|0x000000070c400000, 0x000000070c400000, 0x000000070c600000|  0%| F|  |TAMS 0x000000070c400000, 0x000000070c400000| Untracked 
|  83|0x000000070c600000, 0x000000070c600000, 0x000000070c800000|  0%| F|  |TAMS 0x000000070c600000, 0x000000070c600000| Untracked 
|  84|0x000000070c800000, 0x000000070c800000, 0x000000070ca00000|  0%| F|  |TAMS 0x000000070c800000, 0x000000070c800000| Untracked 
|  85|0x000000070ca00000, 0x000000070ca00000, 0x000000070cc00000|  0%| F|  |TAMS 0x000000070ca00000, 0x000000070ca00000| Untracked 
|  86|0x000000070cc00000, 0x000000070cc00000, 0x000000070ce00000|  0%| F|  |TAMS 0x000000070cc00000, 0x000000070cc00000| Untracked 
|  87|0x000000070ce00000, 0x000000070ce00000, 0x000000070d000000|  0%| F|  |TAMS 0x000000070ce00000, 0x000000070ce00000| Untracked 
|  88|0x000000070d000000, 0x000000070d000000, 0x000000070d200000|  0%| F|  |TAMS 0x000000070d000000, 0x000000070d000000| Untracked 
|  89|0x000000070d200000, 0x000000070d200000, 0x000000070d400000|  0%| F|  |TAMS 0x000000070d200000, 0x000000070d200000| Untracked 
|  90|0x000000070d400000, 0x000000070d400000, 0x000000070d600000|  0%| F|  |TAMS 0x000000070d400000, 0x000000070d400000| Untracked 
|  91|0x000000070d600000, 0x000000070d600000, 0x000000070d800000|  0%| F|  |TAMS 0x000000070d600000, 0x000000070d600000| Untracked 
|  92|0x000000070d800000, 0x000000070d800000, 0x000000070da00000|  0%| F|  |TAMS 0x000000070d800000, 0x000000070d800000| Untracked 
|  93|0x000000070da00000, 0x000000070da00000, 0x000000070dc00000|  0%| F|  |TAMS 0x000000070da00000, 0x000000070da00000| Untracked 
|  94|0x000000070dc00000, 0x000000070dc00000, 0x000000070de00000|  0%| F|  |TAMS 0x000000070dc00000, 0x000000070dc00000| Untracked 
|  95|0x000000070de00000, 0x000000070de00000, 0x000000070e000000|  0%| F|  |TAMS 0x000000070de00000, 0x000000070de00000| Untracked 
|  96|0x000000070e000000, 0x000000070e000000, 0x000000070e200000|  0%| F|  |TAMS 0x000000070e000000, 0x000000070e000000| Untracked 
|  97|0x000000070e200000, 0x000000070e200000, 0x000000070e400000|  0%| F|  |TAMS 0x000000070e200000, 0x000000070e200000| Untracked 
|  98|0x000000070e400000, 0x000000070e400000, 0x000000070e600000|  0%| F|  |TAMS 0x000000070e400000, 0x000000070e400000| Untracked 
|  99|0x000000070e600000, 0x000000070e600000, 0x000000070e800000|  0%| F|  |TAMS 0x000000070e600000, 0x000000070e600000| Untracked 
| 100|0x000000070e800000, 0x000000070e800000, 0x000000070ea00000|  0%| F|  |TAMS 0x000000070e800000, 0x000000070e800000| Untracked 
| 101|0x000000070ea00000, 0x000000070ea00000, 0x000000070ec00000|  0%| F|  |TAMS 0x000000070ea00000, 0x000000070ea00000| Untracked 
| 102|0x000000070ec00000, 0x000000070ec00000, 0x000000070ee00000|  0%| F|  |TAMS 0x000000070ec00000, 0x000000070ec00000| Untracked 
| 103|0x000000070ee00000, 0x000000070ee00000, 0x000000070f000000|  0%| F|  |TAMS 0x000000070ee00000, 0x000000070ee00000| Untracked 
| 104|0x000000070f000000, 0x000000070f000000, 0x000000070f200000|  0%| F|  |TAMS 0x000000070f000000, 0x000000070f000000| Untracked 
| 105|0x000000070f200000, 0x000000070f200000, 0x000000070f400000|  0%| F|  |TAMS 0x000000070f200000, 0x000000070f200000| Untracked 
| 106|0x000000070f400000, 0x000000070f400000, 0x000000070f600000|  0%| F|  |TAMS 0x000000070f400000, 0x000000070f400000| Untracked 
| 107|0x000000070f600000, 0x000000070f600000, 0x000000070f800000|  0%| F|  |TAMS 0x000000070f600000, 0x000000070f600000| Untracked 
| 108|0x000000070f800000, 0x000000070f800000, 0x000000070fa00000|  0%| F|  |TAMS 0x000000070f800000, 0x000000070f800000| Untracked 
| 109|0x000000070fa00000, 0x000000070fa00000, 0x000000070fc00000|  0%| F|  |TAMS 0x000000070fa00000, 0x000000070fa00000| Untracked 
| 110|0x000000070fc00000, 0x000000070fc00000, 0x000000070fe00000|  0%| F|  |TAMS 0x000000070fc00000, 0x000000070fc00000| Untracked 
| 111|0x000000070fe00000, 0x000000070fe00000, 0x0000000710000000|  0%| F|  |TAMS 0x000000070fe00000, 0x000000070fe00000| Untracked 
| 112|0x0000000710000000, 0x0000000710000000, 0x0000000710200000|  0%| F|  |TAMS 0x0000000710000000, 0x0000000710000000| Untracked 
| 113|0x0000000710200000, 0x0000000710200000, 0x0000000710400000|  0%| F|  |TAMS 0x0000000710200000, 0x0000000710200000| Untracked 
| 114|0x0000000710400000, 0x0000000710400000, 0x0000000710600000|  0%| F|  |TAMS 0x0000000710400000, 0x0000000710400000| Untracked 
| 115|0x0000000710600000, 0x0000000710600000, 0x0000000710800000|  0%| F|  |TAMS 0x0000000710600000, 0x0000000710600000| Untracked 
| 116|0x0000000710800000, 0x0000000710800000, 0x0000000710a00000|  0%| F|  |TAMS 0x0000000710800000, 0x0000000710800000| Untracked 
| 117|0x0000000710a00000, 0x0000000710a00000, 0x0000000710c00000|  0%| F|  |TAMS 0x0000000710a00000, 0x0000000710a00000| Untracked 
| 118|0x0000000710c00000, 0x0000000710c00000, 0x0000000710e00000|  0%| F|  |TAMS 0x0000000710c00000, 0x0000000710c00000| Untracked 
| 119|0x0000000710e00000, 0x0000000710e00000, 0x0000000711000000|  0%| F|  |TAMS 0x0000000710e00000, 0x0000000710e00000| Untracked 
| 120|0x0000000711000000, 0x0000000711000000, 0x0000000711200000|  0%| F|  |TAMS 0x0000000711000000, 0x0000000711000000| Untracked 
| 121|0x0000000711200000, 0x0000000711200000, 0x0000000711400000|  0%| F|  |TAMS 0x0000000711200000, 0x0000000711200000| Untracked 
| 122|0x0000000711400000, 0x0000000711400000, 0x0000000711600000|  0%| F|  |TAMS 0x0000000711400000, 0x0000000711400000| Untracked 
| 123|0x0000000711600000, 0x0000000711600000, 0x0000000711800000|  0%| F|  |TAMS 0x0000000711600000, 0x0000000711600000| Untracked 
| 124|0x0000000711800000, 0x0000000711800000, 0x0000000711a00000|  0%| F|  |TAMS 0x0000000711800000, 0x0000000711800000| Untracked 
| 125|0x0000000711a00000, 0x0000000711a00000, 0x0000000711c00000|  0%| F|  |TAMS 0x0000000711a00000, 0x0000000711a00000| Untracked 
| 126|0x0000000711c00000, 0x0000000711c00000, 0x0000000711e00000|  0%| F|  |TAMS 0x0000000711c00000, 0x0000000711c00000| Untracked 
| 127|0x0000000711e00000, 0x0000000711e00000, 0x0000000712000000|  0%| F|  |TAMS 0x0000000711e00000, 0x0000000711e00000| Untracked 
| 128|0x0000000712000000, 0x0000000712000000, 0x0000000712200000|  0%| F|  |TAMS 0x0000000712000000, 0x0000000712000000| Untracked 
| 129|0x0000000712200000, 0x0000000712200000, 0x0000000712400000|  0%| F|  |TAMS 0x0000000712200000, 0x0000000712200000| Untracked 
| 130|0x0000000712400000, 0x0000000712400000, 0x0000000712600000|  0%| F|  |TAMS 0x0000000712400000, 0x0000000712400000| Untracked 
| 131|0x0000000712600000, 0x0000000712600000, 0x0000000712800000|  0%| F|  |TAMS 0x0000000712600000, 0x0000000712600000| Untracked 
| 132|0x0000000712800000, 0x0000000712800000, 0x0000000712a00000|  0%| F|  |TAMS 0x0000000712800000, 0x0000000712800000| Untracked 
| 133|0x0000000712a00000, 0x0000000712a00000, 0x0000000712c00000|  0%| F|  |TAMS 0x0000000712a00000, 0x0000000712a00000| Untracked 
| 134|0x0000000712c00000, 0x0000000712c00000, 0x0000000712e00000|  0%| F|  |TAMS 0x0000000712c00000, 0x0000000712c00000| Untracked 
| 135|0x0000000712e00000, 0x0000000712e00000, 0x0000000713000000|  0%| F|  |TAMS 0x0000000712e00000, 0x0000000712e00000| Untracked 
| 136|0x0000000713000000, 0x0000000713000000, 0x0000000713200000|  0%| F|  |TAMS 0x0000000713000000, 0x0000000713000000| Untracked 
| 137|0x0000000713200000, 0x0000000713200000, 0x0000000713400000|  0%| F|  |TAMS 0x0000000713200000, 0x0000000713200000| Untracked 
| 138|0x0000000713400000, 0x0000000713400000, 0x0000000713600000|  0%| F|  |TAMS 0x0000000713400000, 0x0000000713400000| Untracked 
| 139|0x0000000713600000, 0x0000000713600000, 0x0000000713800000|  0%| F|  |TAMS 0x0000000713600000, 0x0000000713600000| Untracked 
| 140|0x0000000713800000, 0x0000000713800000, 0x0000000713a00000|  0%| F|  |TAMS 0x0000000713800000, 0x0000000713800000| Untracked 
| 141|0x0000000713a00000, 0x0000000713a00000, 0x0000000713c00000|  0%| F|  |TAMS 0x0000000713a00000, 0x0000000713a00000| Untracked 
| 142|0x0000000713c00000, 0x0000000713c00000, 0x0000000713e00000|  0%| F|  |TAMS 0x0000000713c00000, 0x0000000713c00000| Untracked 
| 143|0x0000000713e00000, 0x0000000713e00000, 0x0000000714000000|  0%| F|  |TAMS 0x0000000713e00000, 0x0000000713e00000| Untracked 
| 144|0x0000000714000000, 0x0000000714000000, 0x0000000714200000|  0%| F|  |TAMS 0x0000000714000000, 0x0000000714000000| Untracked 
| 145|0x0000000714200000, 0x0000000714200000, 0x0000000714400000|  0%| F|  |TAMS 0x0000000714200000, 0x0000000714200000| Untracked 
| 146|0x0000000714400000, 0x0000000714400000, 0x0000000714600000|  0%| F|  |TAMS 0x0000000714400000, 0x0000000714400000| Untracked 
| 147|0x0000000714600000, 0x0000000714600000, 0x0000000714800000|  0%| F|  |TAMS 0x0000000714600000, 0x0000000714600000| Untracked 
| 148|0x0000000714800000, 0x0000000714800000, 0x0000000714a00000|  0%| F|  |TAMS 0x0000000714800000, 0x0000000714800000| Untracked 
| 149|0x0000000714a00000, 0x0000000714a00000, 0x0000000714c00000|  0%| F|  |TAMS 0x0000000714a00000, 0x0000000714a00000| Untracked 
| 150|0x0000000714c00000, 0x0000000714c00000, 0x0000000714e00000|  0%| F|  |TAMS 0x0000000714c00000, 0x0000000714c00000| Untracked 
| 151|0x0000000714e00000, 0x0000000714e00000, 0x0000000715000000|  0%| F|  |TAMS 0x0000000714e00000, 0x0000000714e00000| Untracked 
| 152|0x0000000715000000, 0x0000000715000000, 0x0000000715200000|  0%| F|  |TAMS 0x0000000715000000, 0x0000000715000000| Untracked 
| 153|0x0000000715200000, 0x0000000715200000, 0x0000000715400000|  0%| F|  |TAMS 0x0000000715200000, 0x0000000715200000| Untracked 
| 154|0x0000000715400000, 0x0000000715400000, 0x0000000715600000|  0%| F|  |TAMS 0x0000000715400000, 0x0000000715400000| Untracked 
| 155|0x0000000715600000, 0x0000000715600000, 0x0000000715800000|  0%| F|  |TAMS 0x0000000715600000, 0x0000000715600000| Untracked 
| 156|0x0000000715800000, 0x0000000715800000, 0x0000000715a00000|  0%| F|  |TAMS 0x0000000715800000, 0x0000000715800000| Untracked 
| 157|0x0000000715a00000, 0x0000000715a00000, 0x0000000715c00000|  0%| F|  |TAMS 0x0000000715a00000, 0x0000000715a00000| Untracked 
| 158|0x0000000715c00000, 0x0000000715c00000, 0x0000000715e00000|  0%| F|  |TAMS 0x0000000715c00000, 0x0000000715c00000| Untracked 
| 159|0x0000000715e00000, 0x0000000715e00000, 0x0000000716000000|  0%| F|  |TAMS 0x0000000715e00000, 0x0000000715e00000| Untracked 
| 160|0x0000000716000000, 0x0000000716000000, 0x0000000716200000|  0%| F|  |TAMS 0x0000000716000000, 0x0000000716000000| Untracked 
| 161|0x0000000716200000, 0x0000000716200000, 0x0000000716400000|  0%| F|  |TAMS 0x0000000716200000, 0x0000000716200000| Untracked 
| 162|0x0000000716400000, 0x0000000716400000, 0x0000000716600000|  0%| F|  |TAMS 0x0000000716400000, 0x0000000716400000| Untracked 
| 163|0x0000000716600000, 0x0000000716704700, 0x0000000716800000| 50%| S|CS|TAMS 0x0000000716600000, 0x0000000716600000| Complete 
| 164|0x0000000716800000, 0x0000000716a00000, 0x0000000716a00000|100%| S|CS|TAMS 0x0000000716800000, 0x0000000716800000| Complete 
| 165|0x0000000716a00000, 0x0000000716c00000, 0x0000000716c00000|100%| S|CS|TAMS 0x0000000716a00000, 0x0000000716a00000| Complete 
| 166|0x0000000716c00000, 0x0000000716e00000, 0x0000000716e00000|100%| S|CS|TAMS 0x0000000716c00000, 0x0000000716c00000| Complete 
| 167|0x0000000716e00000, 0x0000000717000000, 0x0000000717000000|100%| S|CS|TAMS 0x0000000716e00000, 0x0000000716e00000| Complete 
| 168|0x0000000717000000, 0x0000000717200000, 0x0000000717200000|100%| S|CS|TAMS 0x0000000717000000, 0x0000000717000000| Complete 
| 169|0x0000000717200000, 0x0000000717400000, 0x0000000717400000|100%| S|CS|TAMS 0x0000000717200000, 0x0000000717200000| Complete 
| 170|0x0000000717400000, 0x0000000717600000, 0x0000000717600000|100%| S|CS|TAMS 0x0000000717400000, 0x0000000717400000| Complete 
| 171|0x0000000717600000, 0x0000000717800000, 0x0000000717800000|100%| S|CS|TAMS 0x0000000717600000, 0x0000000717600000| Complete 
| 172|0x0000000717800000, 0x0000000717a00000, 0x0000000717a00000|100%| S|CS|TAMS 0x0000000717800000, 0x0000000717800000| Complete 
| 173|0x0000000717a00000, 0x0000000717c00000, 0x0000000717c00000|100%| S|CS|TAMS 0x0000000717a00000, 0x0000000717a00000| Complete 
| 174|0x0000000717c00000, 0x0000000717e00000, 0x0000000717e00000|100%| S|CS|TAMS 0x0000000717c00000, 0x0000000717c00000| Complete 
| 175|0x0000000717e00000, 0x0000000718000000, 0x0000000718000000|100%| S|CS|TAMS 0x0000000717e00000, 0x0000000717e00000| Complete 
| 176|0x0000000718000000, 0x0000000718200000, 0x0000000718200000|100%| S|CS|TAMS 0x0000000718000000, 0x0000000718000000| Complete 
| 177|0x0000000718200000, 0x0000000718400000, 0x0000000718400000|100%| S|CS|TAMS 0x0000000718200000, 0x0000000718200000| Complete 
| 178|0x0000000718400000, 0x0000000718600000, 0x0000000718600000|100%| S|CS|TAMS 0x0000000718400000, 0x0000000718400000| Complete 
| 179|0x0000000718600000, 0x0000000718800000, 0x0000000718800000|100%| S|CS|TAMS 0x0000000718600000, 0x0000000718600000| Complete 
| 180|0x0000000718800000, 0x0000000718800000, 0x0000000718a00000|  0%| F|  |TAMS 0x0000000718800000, 0x0000000718800000| Untracked 
| 181|0x0000000718a00000, 0x0000000718a00000, 0x0000000718c00000|  0%| F|  |TAMS 0x0000000718a00000, 0x0000000718a00000| Untracked 
| 182|0x0000000718c00000, 0x0000000718c00000, 0x0000000718e00000|  0%| F|  |TAMS 0x0000000718c00000, 0x0000000718c00000| Untracked 
| 183|0x0000000718e00000, 0x0000000718e00000, 0x0000000719000000|  0%| F|  |TAMS 0x0000000718e00000, 0x0000000718e00000| Untracked 
| 184|0x0000000719000000, 0x0000000719000000, 0x0000000719200000|  0%| F|  |TAMS 0x0000000719000000, 0x0000000719000000| Untracked 
| 185|0x0000000719200000, 0x0000000719200000, 0x0000000719400000|  0%| F|  |TAMS 0x0000000719200000, 0x0000000719200000| Untracked 
| 186|0x0000000719400000, 0x0000000719400000, 0x0000000719600000|  0%| F|  |TAMS 0x0000000719400000, 0x0000000719400000| Untracked 
| 187|0x0000000719600000, 0x0000000719600000, 0x0000000719800000|  0%| F|  |TAMS 0x0000000719600000, 0x0000000719600000| Untracked 
| 188|0x0000000719800000, 0x0000000719800000, 0x0000000719a00000|  0%| F|  |TAMS 0x0000000719800000, 0x0000000719800000| Untracked 
| 189|0x0000000719a00000, 0x0000000719a00000, 0x0000000719c00000|  0%| F|  |TAMS 0x0000000719a00000, 0x0000000719a00000| Untracked 
| 190|0x0000000719c00000, 0x0000000719c00000, 0x0000000719e00000|  0%| F|  |TAMS 0x0000000719c00000, 0x0000000719c00000| Untracked 
| 191|0x0000000719e00000, 0x0000000719e00000, 0x000000071a000000|  0%| F|  |TAMS 0x0000000719e00000, 0x0000000719e00000| Untracked 
| 192|0x000000071a000000, 0x000000071a000000, 0x000000071a200000|  0%| F|  |TAMS 0x000000071a000000, 0x000000071a000000| Untracked 
| 193|0x000000071a200000, 0x000000071a200000, 0x000000071a400000|  0%| F|  |TAMS 0x000000071a200000, 0x000000071a200000| Untracked 
| 194|0x000000071a400000, 0x000000071a400000, 0x000000071a600000|  0%| F|  |TAMS 0x000000071a400000, 0x000000071a400000| Untracked 
| 195|0x000000071a600000, 0x000000071a600000, 0x000000071a800000|  0%| F|  |TAMS 0x000000071a600000, 0x000000071a600000| Untracked 
| 196|0x000000071a800000, 0x000000071a800000, 0x000000071aa00000|  0%| F|  |TAMS 0x000000071a800000, 0x000000071a800000| Untracked 
| 197|0x000000071aa00000, 0x000000071aa00000, 0x000000071ac00000|  0%| F|  |TAMS 0x000000071aa00000, 0x000000071aa00000| Untracked 
| 198|0x000000071ac00000, 0x000000071ac00000, 0x000000071ae00000|  0%| F|  |TAMS 0x000000071ac00000, 0x000000071ac00000| Untracked 
| 199|0x000000071ae00000, 0x000000071ae00000, 0x000000071b000000|  0%| F|  |TAMS 0x000000071ae00000, 0x000000071ae00000| Untracked 
| 200|0x000000071b000000, 0x000000071b000000, 0x000000071b200000|  0%| F|  |TAMS 0x000000071b000000, 0x000000071b000000| Untracked 
| 201|0x000000071b200000, 0x000000071b200000, 0x000000071b400000|  0%| F|  |TAMS 0x000000071b200000, 0x000000071b200000| Untracked 
| 202|0x000000071b400000, 0x000000071b400000, 0x000000071b600000|  0%| F|  |TAMS 0x000000071b400000, 0x000000071b400000| Untracked 
| 203|0x000000071b600000, 0x000000071b600000, 0x000000071b800000|  0%| F|  |TAMS 0x000000071b600000, 0x000000071b600000| Untracked 
| 204|0x000000071b800000, 0x000000071b800000, 0x000000071ba00000|  0%| F|  |TAMS 0x000000071b800000, 0x000000071b800000| Untracked 
| 205|0x000000071ba00000, 0x000000071ba00000, 0x000000071bc00000|  0%| F|  |TAMS 0x000000071ba00000, 0x000000071ba00000| Untracked 
| 206|0x000000071bc00000, 0x000000071bc00000, 0x000000071be00000|  0%| F|  |TAMS 0x000000071bc00000, 0x000000071bc00000| Untracked 
| 207|0x000000071be00000, 0x000000071be00000, 0x000000071c000000|  0%| F|  |TAMS 0x000000071be00000, 0x000000071be00000| Untracked 
| 208|0x000000071c000000, 0x000000071c000000, 0x000000071c200000|  0%| F|  |TAMS 0x000000071c000000, 0x000000071c000000| Untracked 
| 209|0x000000071c200000, 0x000000071c200000, 0x000000071c400000|  0%| F|  |TAMS 0x000000071c200000, 0x000000071c200000| Untracked 
| 210|0x000000071c400000, 0x000000071c400000, 0x000000071c600000|  0%| F|  |TAMS 0x000000071c400000, 0x000000071c400000| Untracked 
| 211|0x000000071c600000, 0x000000071c600000, 0x000000071c800000|  0%| F|  |TAMS 0x000000071c600000, 0x000000071c600000| Untracked 
| 212|0x000000071c800000, 0x000000071c800000, 0x000000071ca00000|  0%| F|  |TAMS 0x000000071c800000, 0x000000071c800000| Untracked 
| 213|0x000000071ca00000, 0x000000071ca00000, 0x000000071cc00000|  0%| F|  |TAMS 0x000000071ca00000, 0x000000071ca00000| Untracked 
| 214|0x000000071cc00000, 0x000000071cc00000, 0x000000071ce00000|  0%| F|  |TAMS 0x000000071cc00000, 0x000000071cc00000| Untracked 
| 215|0x000000071ce00000, 0x000000071ce00000, 0x000000071d000000|  0%| F|  |TAMS 0x000000071ce00000, 0x000000071ce00000| Untracked 
| 216|0x000000071d000000, 0x000000071d000000, 0x000000071d200000|  0%| F|  |TAMS 0x000000071d000000, 0x000000071d000000| Untracked 
| 217|0x000000071d200000, 0x000000071d200000, 0x000000071d400000|  0%| F|  |TAMS 0x000000071d200000, 0x000000071d200000| Untracked 
| 218|0x000000071d400000, 0x000000071d400000, 0x000000071d600000|  0%| F|  |TAMS 0x000000071d400000, 0x000000071d400000| Untracked 
| 219|0x000000071d600000, 0x000000071d600000, 0x000000071d800000|  0%| F|  |TAMS 0x000000071d600000, 0x000000071d600000| Untracked 
| 220|0x000000071d800000, 0x000000071d800000, 0x000000071da00000|  0%| F|  |TAMS 0x000000071d800000, 0x000000071d800000| Untracked 
| 221|0x000000071da00000, 0x000000071da00000, 0x000000071dc00000|  0%| F|  |TAMS 0x000000071da00000, 0x000000071da00000| Untracked 
| 222|0x000000071dc00000, 0x000000071dc00000, 0x000000071de00000|  0%| F|  |TAMS 0x000000071dc00000, 0x000000071dc00000| Untracked 
| 223|0x000000071de00000, 0x000000071de00000, 0x000000071e000000|  0%| F|  |TAMS 0x000000071de00000, 0x000000071de00000| Untracked 
| 224|0x000000071e000000, 0x000000071e000000, 0x000000071e200000|  0%| F|  |TAMS 0x000000071e000000, 0x000000071e000000| Untracked 
| 225|0x000000071e200000, 0x000000071e200000, 0x000000071e400000|  0%| F|  |TAMS 0x000000071e200000, 0x000000071e200000| Untracked 
| 226|0x000000071e400000, 0x000000071e400000, 0x000000071e600000|  0%| F|  |TAMS 0x000000071e400000, 0x000000071e400000| Untracked 
| 227|0x000000071e600000, 0x000000071e600000, 0x000000071e800000|  0%| F|  |TAMS 0x000000071e600000, 0x000000071e600000| Untracked 
| 228|0x000000071e800000, 0x000000071e800000, 0x000000071ea00000|  0%| F|  |TAMS 0x000000071e800000, 0x000000071e800000| Untracked 
| 229|0x000000071ea00000, 0x000000071ea00000, 0x000000071ec00000|  0%| F|  |TAMS 0x000000071ea00000, 0x000000071ea00000| Untracked 
| 230|0x000000071ec00000, 0x000000071ec00000, 0x000000071ee00000|  0%| F|  |TAMS 0x000000071ec00000, 0x000000071ec00000| Untracked 
| 231|0x000000071ee00000, 0x000000071ee00000, 0x000000071f000000|  0%| F|  |TAMS 0x000000071ee00000, 0x000000071ee00000| Untracked 
| 232|0x000000071f000000, 0x000000071f000000, 0x000000071f200000|  0%| F|  |TAMS 0x000000071f000000, 0x000000071f000000| Untracked 
| 233|0x000000071f200000, 0x000000071f200000, 0x000000071f400000|  0%| F|  |TAMS 0x000000071f200000, 0x000000071f200000| Untracked 
| 234|0x000000071f400000, 0x000000071f400000, 0x000000071f600000|  0%| F|  |TAMS 0x000000071f400000, 0x000000071f400000| Untracked 
| 235|0x000000071f600000, 0x000000071f600000, 0x000000071f800000|  0%| F|  |TAMS 0x000000071f600000, 0x000000071f600000| Untracked 
| 236|0x000000071f800000, 0x000000071f800000, 0x000000071fa00000|  0%| F|  |TAMS 0x000000071f800000, 0x000000071f800000| Untracked 
| 237|0x000000071fa00000, 0x000000071fa00000, 0x000000071fc00000|  0%| F|  |TAMS 0x000000071fa00000, 0x000000071fa00000| Untracked 
| 238|0x000000071fc00000, 0x000000071fc00000, 0x000000071fe00000|  0%| F|  |TAMS 0x000000071fc00000, 0x000000071fc00000| Untracked 
| 239|0x000000071fe00000, 0x000000071fe00000, 0x0000000720000000|  0%| F|  |TAMS 0x000000071fe00000, 0x000000071fe00000| Untracked 
| 240|0x0000000720000000, 0x0000000720000000, 0x0000000720200000|  0%| F|  |TAMS 0x0000000720000000, 0x0000000720000000| Untracked 
| 241|0x0000000720200000, 0x0000000720200000, 0x0000000720400000|  0%| F|  |TAMS 0x0000000720200000, 0x0000000720200000| Untracked 
| 242|0x0000000720400000, 0x0000000720400000, 0x0000000720600000|  0%| F|  |TAMS 0x0000000720400000, 0x0000000720400000| Untracked 
| 243|0x0000000720600000, 0x0000000720600000, 0x0000000720800000|  0%| F|  |TAMS 0x0000000720600000, 0x0000000720600000| Untracked 
| 244|0x0000000720800000, 0x0000000720800000, 0x0000000720a00000|  0%| F|  |TAMS 0x0000000720800000, 0x0000000720800000| Untracked 
| 245|0x0000000720a00000, 0x0000000720a00000, 0x0000000720c00000|  0%| F|  |TAMS 0x0000000720a00000, 0x0000000720a00000| Untracked 
| 246|0x0000000720c00000, 0x0000000720c00000, 0x0000000720e00000|  0%| F|  |TAMS 0x0000000720c00000, 0x0000000720c00000| Untracked 
| 247|0x0000000720e00000, 0x0000000720e00000, 0x0000000721000000|  0%| F|  |TAMS 0x0000000720e00000, 0x0000000720e00000| Untracked 
| 248|0x0000000721000000, 0x0000000721000000, 0x0000000721200000|  0%| F|  |TAMS 0x0000000721000000, 0x0000000721000000| Untracked 
| 249|0x0000000721200000, 0x0000000721200000, 0x0000000721400000|  0%| F|  |TAMS 0x0000000721200000, 0x0000000721200000| Untracked 
| 250|0x0000000721400000, 0x0000000721400000, 0x0000000721600000|  0%| F|  |TAMS 0x0000000721400000, 0x0000000721400000| Untracked 
| 251|0x0000000721600000, 0x0000000721600000, 0x0000000721800000|  0%| F|  |TAMS 0x0000000721600000, 0x0000000721600000| Untracked 
| 252|0x0000000721800000, 0x0000000721800000, 0x0000000721a00000|  0%| F|  |TAMS 0x0000000721800000, 0x0000000721800000| Untracked 
| 253|0x0000000721a00000, 0x0000000721a00000, 0x0000000721c00000|  0%| F|  |TAMS 0x0000000721a00000, 0x0000000721a00000| Untracked 
| 254|0x0000000721c00000, 0x0000000721c00000, 0x0000000721e00000|  0%| F|  |TAMS 0x0000000721c00000, 0x0000000721c00000| Untracked 
| 255|0x0000000721e00000, 0x0000000721e00000, 0x0000000722000000|  0%| F|  |TAMS 0x0000000721e00000, 0x0000000721e00000| Untracked 
| 256|0x0000000722000000, 0x0000000722000000, 0x0000000722200000|  0%| F|  |TAMS 0x0000000722000000, 0x0000000722000000| Untracked 
| 257|0x0000000722200000, 0x0000000722200000, 0x0000000722400000|  0%| F|  |TAMS 0x0000000722200000, 0x0000000722200000| Untracked 
| 258|0x0000000722400000, 0x0000000722400000, 0x0000000722600000|  0%| F|  |TAMS 0x0000000722400000, 0x0000000722400000| Untracked 
| 259|0x0000000722600000, 0x0000000722600000, 0x0000000722800000|  0%| F|  |TAMS 0x0000000722600000, 0x0000000722600000| Untracked 
| 260|0x0000000722800000, 0x0000000722900800, 0x0000000722a00000| 50%| E|  |TAMS 0x0000000722800000, 0x0000000722800000| Complete 
| 261|0x0000000722a00000, 0x0000000722c00000, 0x0000000722c00000|100%| E|CS|TAMS 0x0000000722a00000, 0x0000000722a00000| Complete 
| 262|0x0000000722c00000, 0x0000000722e00000, 0x0000000722e00000|100%| E|CS|TAMS 0x0000000722c00000, 0x0000000722c00000| Complete 
| 263|0x0000000722e00000, 0x0000000723000000, 0x0000000723000000|100%| E|CS|TAMS 0x0000000722e00000, 0x0000000722e00000| Complete 
| 264|0x0000000723000000, 0x0000000723200000, 0x0000000723200000|100%| E|CS|TAMS 0x0000000723000000, 0x0000000723000000| Complete 
| 265|0x0000000723200000, 0x0000000723400000, 0x0000000723400000|100%| E|CS|TAMS 0x0000000723200000, 0x0000000723200000| Complete 
| 266|0x0000000723400000, 0x0000000723600000, 0x0000000723600000|100%| E|CS|TAMS 0x0000000723400000, 0x0000000723400000| Complete 
| 267|0x0000000723600000, 0x0000000723800000, 0x0000000723800000|100%| E|CS|TAMS 0x0000000723600000, 0x0000000723600000| Complete 
| 268|0x0000000723800000, 0x0000000723a00000, 0x0000000723a00000|100%| E|CS|TAMS 0x0000000723800000, 0x0000000723800000| Complete 
| 269|0x0000000723a00000, 0x0000000723c00000, 0x0000000723c00000|100%| E|CS|TAMS 0x0000000723a00000, 0x0000000723a00000| Complete 
| 270|0x0000000723c00000, 0x0000000723e00000, 0x0000000723e00000|100%| E|CS|TAMS 0x0000000723c00000, 0x0000000723c00000| Complete 
| 271|0x0000000723e00000, 0x0000000724000000, 0x0000000724000000|100%| E|CS|TAMS 0x0000000723e00000, 0x0000000723e00000| Complete 
| 272|0x0000000724000000, 0x0000000724200000, 0x0000000724200000|100%| E|CS|TAMS 0x0000000724000000, 0x0000000724000000| Complete 
| 273|0x0000000724200000, 0x0000000724400000, 0x0000000724400000|100%| E|CS|TAMS 0x0000000724200000, 0x0000000724200000| Complete 
| 274|0x0000000724400000, 0x0000000724600000, 0x0000000724600000|100%| E|CS|TAMS 0x0000000724400000, 0x0000000724400000| Complete 
| 275|0x0000000724600000, 0x0000000724800000, 0x0000000724800000|100%| E|CS|TAMS 0x0000000724600000, 0x0000000724600000| Complete 
| 276|0x0000000724800000, 0x0000000724a00000, 0x0000000724a00000|100%| E|CS|TAMS 0x0000000724800000, 0x0000000724800000| Complete 
| 277|0x0000000724a00000, 0x0000000724c00000, 0x0000000724c00000|100%| E|CS|TAMS 0x0000000724a00000, 0x0000000724a00000| Complete 
| 278|0x0000000724c00000, 0x0000000724e00000, 0x0000000724e00000|100%| E|CS|TAMS 0x0000000724c00000, 0x0000000724c00000| Complete 
| 279|0x0000000724e00000, 0x0000000725000000, 0x0000000725000000|100%| E|CS|TAMS 0x0000000724e00000, 0x0000000724e00000| Complete 
| 280|0x0000000725000000, 0x0000000725200000, 0x0000000725200000|100%| E|CS|TAMS 0x0000000725000000, 0x0000000725000000| Complete 
| 281|0x0000000725200000, 0x0000000725400000, 0x0000000725400000|100%| E|CS|TAMS 0x0000000725200000, 0x0000000725200000| Complete 
| 282|0x0000000725400000, 0x0000000725600000, 0x0000000725600000|100%| E|CS|TAMS 0x0000000725400000, 0x0000000725400000| Complete 
| 283|0x0000000725600000, 0x0000000725800000, 0x0000000725800000|100%| E|CS|TAMS 0x0000000725600000, 0x0000000725600000| Complete 
| 284|0x0000000725800000, 0x0000000725a00000, 0x0000000725a00000|100%| E|CS|TAMS 0x0000000725800000, 0x0000000725800000| Complete 
| 285|0x0000000725a00000, 0x0000000725c00000, 0x0000000725c00000|100%| E|CS|TAMS 0x0000000725a00000, 0x0000000725a00000| Complete 
| 286|0x0000000725c00000, 0x0000000725e00000, 0x0000000725e00000|100%| E|CS|TAMS 0x0000000725c00000, 0x0000000725c00000| Complete 
| 287|0x0000000725e00000, 0x0000000726000000, 0x0000000726000000|100%| E|CS|TAMS 0x0000000725e00000, 0x0000000725e00000| Complete 
| 288|0x0000000726000000, 0x0000000726200000, 0x0000000726200000|100%| E|CS|TAMS 0x0000000726000000, 0x0000000726000000| Complete 
| 289|0x0000000726200000, 0x0000000726400000, 0x0000000726400000|100%| E|CS|TAMS 0x0000000726200000, 0x0000000726200000| Complete 
| 290|0x0000000726400000, 0x0000000726600000, 0x0000000726600000|100%| E|CS|TAMS 0x0000000726400000, 0x0000000726400000| Complete 
| 291|0x0000000726600000, 0x0000000726800000, 0x0000000726800000|100%| E|CS|TAMS 0x0000000726600000, 0x0000000726600000| Complete 
| 292|0x0000000726800000, 0x0000000726a00000, 0x0000000726a00000|100%| E|CS|TAMS 0x0000000726800000, 0x0000000726800000| Complete 
| 293|0x0000000726a00000, 0x0000000726c00000, 0x0000000726c00000|100%| E|CS|TAMS 0x0000000726a00000, 0x0000000726a00000| Complete 
| 294|0x0000000726c00000, 0x0000000726e00000, 0x0000000726e00000|100%| E|CS|TAMS 0x0000000726c00000, 0x0000000726c00000| Complete 
| 295|0x0000000726e00000, 0x0000000727000000, 0x0000000727000000|100%| E|CS|TAMS 0x0000000726e00000, 0x0000000726e00000| Complete 
| 296|0x0000000727000000, 0x0000000727200000, 0x0000000727200000|100%| E|CS|TAMS 0x0000000727000000, 0x0000000727000000| Complete 
| 297|0x0000000727200000, 0x0000000727400000, 0x0000000727400000|100%| E|CS|TAMS 0x0000000727200000, 0x0000000727200000| Complete 
| 298|0x0000000727400000, 0x0000000727600000, 0x0000000727600000|100%| E|CS|TAMS 0x0000000727400000, 0x0000000727400000| Complete 
| 299|0x0000000727600000, 0x0000000727800000, 0x0000000727800000|100%| E|CS|TAMS 0x0000000727600000, 0x0000000727600000| Complete 
| 300|0x0000000727800000, 0x0000000727a00000, 0x0000000727a00000|100%| E|CS|TAMS 0x0000000727800000, 0x0000000727800000| Complete 
| 301|0x0000000727a00000, 0x0000000727c00000, 0x0000000727c00000|100%| E|CS|TAMS 0x0000000727a00000, 0x0000000727a00000| Complete 
| 302|0x0000000727c00000, 0x0000000727e00000, 0x0000000727e00000|100%| E|CS|TAMS 0x0000000727c00000, 0x0000000727c00000| Complete 
| 303|0x0000000727e00000, 0x0000000728000000, 0x0000000728000000|100%| E|CS|TAMS 0x0000000727e00000, 0x0000000727e00000| Complete 
| 304|0x0000000728000000, 0x0000000728200000, 0x0000000728200000|100%| E|CS|TAMS 0x0000000728000000, 0x0000000728000000| Complete 
| 305|0x0000000728200000, 0x0000000728400000, 0x0000000728400000|100%| E|CS|TAMS 0x0000000728200000, 0x0000000728200000| Complete 
| 306|0x0000000728400000, 0x0000000728600000, 0x0000000728600000|100%| E|CS|TAMS 0x0000000728400000, 0x0000000728400000| Complete 
| 307|0x0000000728600000, 0x0000000728800000, 0x0000000728800000|100%| E|CS|TAMS 0x0000000728600000, 0x0000000728600000| Complete 
| 308|0x0000000728800000, 0x0000000728a00000, 0x0000000728a00000|100%| E|CS|TAMS 0x0000000728800000, 0x0000000728800000| Complete 
| 309|0x0000000728a00000, 0x0000000728c00000, 0x0000000728c00000|100%| E|CS|TAMS 0x0000000728a00000, 0x0000000728a00000| Complete 
| 310|0x0000000728c00000, 0x0000000728e00000, 0x0000000728e00000|100%| E|CS|TAMS 0x0000000728c00000, 0x0000000728c00000| Complete 
| 311|0x0000000728e00000, 0x0000000729000000, 0x0000000729000000|100%| E|CS|TAMS 0x0000000728e00000, 0x0000000728e00000| Complete 
| 312|0x0000000729000000, 0x0000000729200000, 0x0000000729200000|100%| E|CS|TAMS 0x0000000729000000, 0x0000000729000000| Complete 
| 313|0x0000000729200000, 0x0000000729400000, 0x0000000729400000|100%| E|CS|TAMS 0x0000000729200000, 0x0000000729200000| Complete 
| 314|0x0000000729400000, 0x0000000729600000, 0x0000000729600000|100%| E|CS|TAMS 0x0000000729400000, 0x0000000729400000| Complete 
| 315|0x0000000729600000, 0x0000000729800000, 0x0000000729800000|100%| E|CS|TAMS 0x0000000729600000, 0x0000000729600000| Complete 
| 316|0x0000000729800000, 0x0000000729a00000, 0x0000000729a00000|100%| E|CS|TAMS 0x0000000729800000, 0x0000000729800000| Complete 
| 317|0x0000000729a00000, 0x0000000729c00000, 0x0000000729c00000|100%| E|CS|TAMS 0x0000000729a00000, 0x0000000729a00000| Complete 
| 318|0x0000000729c00000, 0x0000000729e00000, 0x0000000729e00000|100%| E|CS|TAMS 0x0000000729c00000, 0x0000000729c00000| Complete 
| 319|0x0000000729e00000, 0x000000072a000000, 0x000000072a000000|100%| E|CS|TAMS 0x0000000729e00000, 0x0000000729e00000| Complete 
| 320|0x000000072a000000, 0x000000072a200000, 0x000000072a200000|100%| E|CS|TAMS 0x000000072a000000, 0x000000072a000000| Complete 
| 321|0x000000072a200000, 0x000000072a400000, 0x000000072a400000|100%| E|CS|TAMS 0x000000072a200000, 0x000000072a200000| Complete 
| 322|0x000000072a400000, 0x000000072a600000, 0x000000072a600000|100%| E|CS|TAMS 0x000000072a400000, 0x000000072a400000| Complete 
| 323|0x000000072a600000, 0x000000072a800000, 0x000000072a800000|100%| E|CS|TAMS 0x000000072a600000, 0x000000072a600000| Complete 
| 324|0x000000072a800000, 0x000000072aa00000, 0x000000072aa00000|100%| E|CS|TAMS 0x000000072a800000, 0x000000072a800000| Complete 
| 325|0x000000072aa00000, 0x000000072ac00000, 0x000000072ac00000|100%| E|CS|TAMS 0x000000072aa00000, 0x000000072aa00000| Complete 
| 326|0x000000072ac00000, 0x000000072ae00000, 0x000000072ae00000|100%| E|CS|TAMS 0x000000072ac00000, 0x000000072ac00000| Complete 
| 327|0x000000072ae00000, 0x000000072b000000, 0x000000072b000000|100%| E|CS|TAMS 0x000000072ae00000, 0x000000072ae00000| Complete 
| 328|0x000000072b000000, 0x000000072b200000, 0x000000072b200000|100%| E|CS|TAMS 0x000000072b000000, 0x000000072b000000| Complete 
| 329|0x000000072b200000, 0x000000072b400000, 0x000000072b400000|100%| E|CS|TAMS 0x000000072b200000, 0x000000072b200000| Complete 
| 330|0x000000072b400000, 0x000000072b600000, 0x000000072b600000|100%| E|CS|TAMS 0x000000072b400000, 0x000000072b400000| Complete 
| 331|0x000000072b600000, 0x000000072b800000, 0x000000072b800000|100%| E|CS|TAMS 0x000000072b600000, 0x000000072b600000| Complete 
| 332|0x000000072b800000, 0x000000072ba00000, 0x000000072ba00000|100%| E|CS|TAMS 0x000000072b800000, 0x000000072b800000| Complete 
| 333|0x000000072ba00000, 0x000000072bc00000, 0x000000072bc00000|100%| E|CS|TAMS 0x000000072ba00000, 0x000000072ba00000| Complete 
| 334|0x000000072bc00000, 0x000000072be00000, 0x000000072be00000|100%| E|CS|TAMS 0x000000072bc00000, 0x000000072bc00000| Complete 
| 335|0x000000072be00000, 0x000000072c000000, 0x000000072c000000|100%| E|CS|TAMS 0x000000072be00000, 0x000000072be00000| Complete 
| 336|0x000000072c000000, 0x000000072c200000, 0x000000072c200000|100%| E|CS|TAMS 0x000000072c000000, 0x000000072c000000| Complete 
| 337|0x000000072c200000, 0x000000072c400000, 0x000000072c400000|100%| E|CS|TAMS 0x000000072c200000, 0x000000072c200000| Complete 
| 338|0x000000072c400000, 0x000000072c600000, 0x000000072c600000|100%| E|CS|TAMS 0x000000072c400000, 0x000000072c400000| Complete 
| 339|0x000000072c600000, 0x000000072c800000, 0x000000072c800000|100%| E|CS|TAMS 0x000000072c600000, 0x000000072c600000| Complete 
| 340|0x000000072c800000, 0x000000072ca00000, 0x000000072ca00000|100%| E|CS|TAMS 0x000000072c800000, 0x000000072c800000| Complete 
| 341|0x000000072ca00000, 0x000000072cc00000, 0x000000072cc00000|100%| E|CS|TAMS 0x000000072ca00000, 0x000000072ca00000| Complete 
| 342|0x000000072cc00000, 0x000000072ce00000, 0x000000072ce00000|100%| E|CS|TAMS 0x000000072cc00000, 0x000000072cc00000| Complete 
| 343|0x000000072ce00000, 0x000000072d000000, 0x000000072d000000|100%| E|CS|TAMS 0x000000072ce00000, 0x000000072ce00000| Complete 
| 344|0x000000072d000000, 0x000000072d200000, 0x000000072d200000|100%| E|CS|TAMS 0x000000072d000000, 0x000000072d000000| Complete 
| 345|0x000000072d200000, 0x000000072d400000, 0x000000072d400000|100%| E|CS|TAMS 0x000000072d200000, 0x000000072d200000| Complete 
| 346|0x000000072d400000, 0x000000072d600000, 0x000000072d600000|100%| E|CS|TAMS 0x000000072d400000, 0x000000072d400000| Complete 
| 347|0x000000072d600000, 0x000000072d800000, 0x000000072d800000|100%| E|CS|TAMS 0x000000072d600000, 0x000000072d600000| Complete 
| 348|0x000000072d800000, 0x000000072da00000, 0x000000072da00000|100%| E|CS|TAMS 0x000000072d800000, 0x000000072d800000| Complete 
| 349|0x000000072da00000, 0x000000072dc00000, 0x000000072dc00000|100%| E|CS|TAMS 0x000000072da00000, 0x000000072da00000| Complete 
| 350|0x000000072dc00000, 0x000000072de00000, 0x000000072de00000|100%| E|CS|TAMS 0x000000072dc00000, 0x000000072dc00000| Complete 
| 351|0x000000072de00000, 0x000000072e000000, 0x000000072e000000|100%| E|CS|TAMS 0x000000072de00000, 0x000000072de00000| Complete 
| 352|0x000000072e000000, 0x000000072e200000, 0x000000072e200000|100%| E|CS|TAMS 0x000000072e000000, 0x000000072e000000| Complete 
| 353|0x000000072e200000, 0x000000072e400000, 0x000000072e400000|100%| E|CS|TAMS 0x000000072e200000, 0x000000072e200000| Complete 
| 354|0x000000072e400000, 0x000000072e600000, 0x000000072e600000|100%| E|CS|TAMS 0x000000072e400000, 0x000000072e400000| Complete 
| 355|0x000000072e600000, 0x000000072e800000, 0x000000072e800000|100%| E|CS|TAMS 0x000000072e600000, 0x000000072e600000| Complete 
| 356|0x000000072e800000, 0x000000072ea00000, 0x000000072ea00000|100%| E|CS|TAMS 0x000000072e800000, 0x000000072e800000| Complete 
| 357|0x000000072ea00000, 0x000000072ec00000, 0x000000072ec00000|100%| E|CS|TAMS 0x000000072ea00000, 0x000000072ea00000| Complete 
| 358|0x000000072ec00000, 0x000000072ee00000, 0x000000072ee00000|100%| E|CS|TAMS 0x000000072ec00000, 0x000000072ec00000| Complete 
| 359|0x000000072ee00000, 0x000000072f000000, 0x000000072f000000|100%| E|CS|TAMS 0x000000072ee00000, 0x000000072ee00000| Complete 
| 360|0x000000072f000000, 0x000000072f200000, 0x000000072f200000|100%| E|CS|TAMS 0x000000072f000000, 0x000000072f000000| Complete 
| 361|0x000000072f200000, 0x000000072f400000, 0x000000072f400000|100%| E|CS|TAMS 0x000000072f200000, 0x000000072f200000| Complete 
| 362|0x000000072f400000, 0x000000072f600000, 0x000000072f600000|100%| E|CS|TAMS 0x000000072f400000, 0x000000072f400000| Complete 
| 363|0x000000072f600000, 0x000000072f800000, 0x000000072f800000|100%| E|CS|TAMS 0x000000072f600000, 0x000000072f600000| Complete 
| 364|0x000000072f800000, 0x000000072fa00000, 0x000000072fa00000|100%| E|CS|TAMS 0x000000072f800000, 0x000000072f800000| Complete 
| 365|0x000000072fa00000, 0x000000072fc00000, 0x000000072fc00000|100%| E|CS|TAMS 0x000000072fa00000, 0x000000072fa00000| Complete 
| 366|0x000000072fc00000, 0x000000072fe00000, 0x000000072fe00000|100%| E|CS|TAMS 0x000000072fc00000, 0x000000072fc00000| Complete 
| 367|0x000000072fe00000, 0x0000000730000000, 0x0000000730000000|100%| E|CS|TAMS 0x000000072fe00000, 0x000000072fe00000| Complete 
| 368|0x0000000730000000, 0x0000000730200000, 0x0000000730200000|100%| E|CS|TAMS 0x0000000730000000, 0x0000000730000000| Complete 
| 369|0x0000000730200000, 0x0000000730400000, 0x0000000730400000|100%| E|CS|TAMS 0x0000000730200000, 0x0000000730200000| Complete 
| 370|0x0000000730400000, 0x0000000730600000, 0x0000000730600000|100%| E|CS|TAMS 0x0000000730400000, 0x0000000730400000| Complete 
| 371|0x0000000730600000, 0x0000000730800000, 0x0000000730800000|100%| E|CS|TAMS 0x0000000730600000, 0x0000000730600000| Complete 
| 372|0x0000000730800000, 0x0000000730a00000, 0x0000000730a00000|100%| E|CS|TAMS 0x0000000730800000, 0x0000000730800000| Complete 
| 373|0x0000000730a00000, 0x0000000730c00000, 0x0000000730c00000|100%| E|CS|TAMS 0x0000000730a00000, 0x0000000730a00000| Complete 
| 374|0x0000000730c00000, 0x0000000730e00000, 0x0000000730e00000|100%| E|CS|TAMS 0x0000000730c00000, 0x0000000730c00000| Complete 
| 375|0x0000000730e00000, 0x0000000731000000, 0x0000000731000000|100%| E|CS|TAMS 0x0000000730e00000, 0x0000000730e00000| Complete 
| 376|0x0000000731000000, 0x0000000731200000, 0x0000000731200000|100%| E|CS|TAMS 0x0000000731000000, 0x0000000731000000| Complete 
| 377|0x0000000731200000, 0x0000000731400000, 0x0000000731400000|100%| E|CS|TAMS 0x0000000731200000, 0x0000000731200000| Complete 
| 378|0x0000000731400000, 0x0000000731600000, 0x0000000731600000|100%| E|CS|TAMS 0x0000000731400000, 0x0000000731400000| Complete 
| 379|0x0000000731600000, 0x0000000731800000, 0x0000000731800000|100%| E|CS|TAMS 0x0000000731600000, 0x0000000731600000| Complete 
| 380|0x0000000731800000, 0x0000000731a00000, 0x0000000731a00000|100%| E|CS|TAMS 0x0000000731800000, 0x0000000731800000| Complete 
| 381|0x0000000731a00000, 0x0000000731c00000, 0x0000000731c00000|100%| E|CS|TAMS 0x0000000731a00000, 0x0000000731a00000| Complete 
| 382|0x0000000731c00000, 0x0000000731e00000, 0x0000000731e00000|100%| E|CS|TAMS 0x0000000731c00000, 0x0000000731c00000| Complete 
| 383|0x0000000731e00000, 0x0000000732000000, 0x0000000732000000|100%| E|CS|TAMS 0x0000000731e00000, 0x0000000731e00000| Complete 
| 384|0x0000000732000000, 0x0000000732200000, 0x0000000732200000|100%| E|CS|TAMS 0x0000000732000000, 0x0000000732000000| Complete 
| 385|0x0000000732200000, 0x0000000732400000, 0x0000000732400000|100%| E|CS|TAMS 0x0000000732200000, 0x0000000732200000| Complete 
| 386|0x0000000732400000, 0x0000000732600000, 0x0000000732600000|100%| E|CS|TAMS 0x0000000732400000, 0x0000000732400000| Complete 
| 387|0x0000000732600000, 0x0000000732800000, 0x0000000732800000|100%| E|CS|TAMS 0x0000000732600000, 0x0000000732600000| Complete 
| 388|0x0000000732800000, 0x0000000732a00000, 0x0000000732a00000|100%| E|CS|TAMS 0x0000000732800000, 0x0000000732800000| Complete 
| 389|0x0000000732a00000, 0x0000000732c00000, 0x0000000732c00000|100%| E|CS|TAMS 0x0000000732a00000, 0x0000000732a00000| Complete 
| 390|0x0000000732c00000, 0x0000000732e00000, 0x0000000732e00000|100%| E|CS|TAMS 0x0000000732c00000, 0x0000000732c00000| Complete 
| 391|0x0000000732e00000, 0x0000000733000000, 0x0000000733000000|100%| E|CS|TAMS 0x0000000732e00000, 0x0000000732e00000| Complete 
| 392|0x0000000733000000, 0x0000000733200000, 0x0000000733200000|100%| E|CS|TAMS 0x0000000733000000, 0x0000000733000000| Complete 
| 393|0x0000000733200000, 0x0000000733400000, 0x0000000733400000|100%| E|CS|TAMS 0x0000000733200000, 0x0000000733200000| Complete 
| 394|0x0000000733400000, 0x0000000733600000, 0x0000000733600000|100%| E|CS|TAMS 0x0000000733400000, 0x0000000733400000| Complete 
| 395|0x0000000733600000, 0x0000000733800000, 0x0000000733800000|100%| E|CS|TAMS 0x0000000733600000, 0x0000000733600000| Complete 
| 396|0x0000000733800000, 0x0000000733a00000, 0x0000000733a00000|100%| E|CS|TAMS 0x0000000733800000, 0x0000000733800000| Complete 
| 397|0x0000000733a00000, 0x0000000733c00000, 0x0000000733c00000|100%| E|CS|TAMS 0x0000000733a00000, 0x0000000733a00000| Complete 
| 398|0x0000000733c00000, 0x0000000733e00000, 0x0000000733e00000|100%| E|CS|TAMS 0x0000000733c00000, 0x0000000733c00000| Complete 
| 399|0x0000000733e00000, 0x0000000734000000, 0x0000000734000000|100%| E|CS|TAMS 0x0000000733e00000, 0x0000000733e00000| Complete 
| 400|0x0000000734000000, 0x0000000734200000, 0x0000000734200000|100%| E|CS|TAMS 0x0000000734000000, 0x0000000734000000| Complete 
| 401|0x0000000734200000, 0x0000000734400000, 0x0000000734400000|100%| E|CS|TAMS 0x0000000734200000, 0x0000000734200000| Complete 
| 402|0x0000000734400000, 0x0000000734600000, 0x0000000734600000|100%| E|CS|TAMS 0x0000000734400000, 0x0000000734400000| Complete 
| 403|0x0000000734600000, 0x0000000734800000, 0x0000000734800000|100%| E|CS|TAMS 0x0000000734600000, 0x0000000734600000| Complete 
| 404|0x0000000734800000, 0x0000000734a00000, 0x0000000734a00000|100%| E|CS|TAMS 0x0000000734800000, 0x0000000734800000| Complete 
| 405|0x0000000734a00000, 0x0000000734c00000, 0x0000000734c00000|100%| E|CS|TAMS 0x0000000734a00000, 0x0000000734a00000| Complete 
| 406|0x0000000734c00000, 0x0000000734e00000, 0x0000000734e00000|100%| E|CS|TAMS 0x0000000734c00000, 0x0000000734c00000| Complete 
| 407|0x0000000734e00000, 0x0000000735000000, 0x0000000735000000|100%| E|CS|TAMS 0x0000000734e00000, 0x0000000734e00000| Complete 

Card table byte_map: [0x000002daf89a0000,0x000002daf9190000] _byte_map_base: 0x000002daf5190000

Marking Bits (Prev, Next): (CMBitMap*) 0x000002dae5d9d0f0, (CMBitMap*) 0x000002dae5d9d130
 Prev Bits: [0x000002daf9980000, 0x000002dafd900000)
 Next Bits: [0x000002da80000000, 0x000002da83f80000)

Polling page: 0x000002dae3b20000

Metaspace:

Usage:
  Non-class:     65.96 MB used.
      Class:      8.19 MB used.
       Both:     74.15 MB used.

Virtual space:
  Non-class space:       72.00 MB reserved,      66.25 MB ( 92%) committed,  9 nodes.
      Class space:        1.00 GB reserved,       8.44 MB ( <1%) committed,  1 nodes.
             Both:        1.07 GB reserved,      74.69 MB (  7%) committed. 

Chunk freelists:
   Non-Class:  1.17 MB
       Class:  3.62 MB
        Both:  4.80 MB

MaxMetaspaceSize: unlimited
CompressedClassSpaceSize: 1.00 GB
Initial GC threshold: 21.00 MB
Current GC threshold: 107.12 MB
CDS: off
MetaspaceReclaimPolicy: balanced
 - commit_granule_bytes: 65536.
 - commit_granule_words: 8192.
 - virtual_space_node_default_size: 1048576.
 - enlarge_chunks_in_place: 1.
 - new_chunks_are_fully_committed: 0.
 - uncommit_free_chunks: 1.
 - use_allocation_guard: 0.
 - handle_deallocations: 1.


Internal statistics:

num_allocs_failed_limit: 9.
num_arena_births: 750.
num_arena_deaths: 0.
num_vsnodes_births: 10.
num_vsnodes_deaths: 0.
num_space_committed: 1193.
num_space_uncommitted: 0.
num_chunks_returned_to_freelist: 9.
num_chunks_taken_from_freelist: 3498.
num_chunk_merges: 9.
num_chunk_splits: 2512.
num_chunks_enlarged: 1893.
num_purges: 0.
num_inconsistent_stats: 0.

CodeHeap 'non-profiled nmethods': size=120000Kb used=11194Kb max_used=11622Kb free=108805Kb
 bounds [0x000002daf0c80000, 0x000002daf17e0000, 0x000002daf81b0000]
CodeHeap 'profiled nmethods': size=120000Kb used=37902Kb max_used=38733Kb free=82097Kb
 bounds [0x000002dae91b0000, 0x000002daeb7a0000, 0x000002daf06e0000]
CodeHeap 'non-nmethods': size=5760Kb used=1328Kb max_used=1393Kb free=4431Kb
 bounds [0x000002daf06e0000, 0x000002daf0950000, 0x000002daf0c80000]
 total_blobs=14360 nmethods=13718 adapters=549
 compilation: enabled
              stopped_count=0, restarted_count=0
 full_count=0

Compilation events (20 events):
Event: 39.193 Thread 0x000002da840afe80 nmethod 18567 0x000002daf15c4990 code [0x000002daf15c4b60, 0x000002daf15c4e18]
Event: 39.193 Thread 0x000002da840afe80 18569       4       org.jetbrains.kotlin.resolve.checkers.PassingProgressionAsCollectionCallChecker::check (1013 bytes)
Event: 39.203 Thread 0x000002da852070d0 nmethod 18521 0x000002daf1137710 code [0x000002daf11379a0, 0x000002daf1138398]
Event: 39.203 Thread 0x000002da852070d0 18571       4       org.jetbrains.kotlin.resolve.lazy.FileScopeFactory$FilesScopesBuilder$lazyImportingScope$1::definitelyDoesNotContainName (15 bytes)
Event: 39.203 Thread 0x000002da852070d0 nmethod 18571 0x000002daf1137290 code [0x000002daf1137400, 0x000002daf11374b8]
Event: 39.203 Thread 0x000002da852070d0 18568       4       org.jetbrains.kotlin.resolve.calls.tower.ResolvedAtomCompleter::completeResolvedCall (453 bytes)
Event: 39.207 Thread 0x000002da840b4880 18572       3       org.jetbrains.kotlin.descriptors.impl.AbstractClassDescriptor::getUnsubstitutedInnerClassesScope (21 bytes)
Event: 39.207 Thread 0x000002da840b4880 nmethod 18572 0x000002dae99f9c90 code [0x000002dae99f9e40, 0x000002dae99fa198]
Event: 39.230 Thread 0x000002da840b4880 18575       3       org.jetbrains.kotlin.psi.KtWhenExpression::getEntries (16 bytes)
Event: 39.231 Thread 0x000002da840b4880 nmethod 18575 0x000002daea0bbc10 code [0x000002daea0bbdc0, 0x000002daea0bbff8]
Event: 39.248 Thread 0x000002da840b4880 18576       3       org.jetbrains.kotlin.resolve.calls.inference.ConstraintSystemBuilderImpl::isErrorOrSpecialType (54 bytes)
Event: 39.248 Thread 0x000002da840b4880 nmethod 18576 0x000002dae9d56d90 code [0x000002dae9d56fc0, 0x000002dae9d578b8]
Event: 39.253 Thread 0x000002da840b4880 18577       3       org.jetbrains.kotlin.resolve.calls.smartcasts.DataFlowInfoImpl::approximateDefinitelyNotNullableTypes (111 bytes)
Event: 39.253 Thread 0x000002da840b4880 nmethod 18577 0x000002daea45ab90 code [0x000002daea45aea0, 0x000002daea45c398]
Event: 39.254 Thread 0x000002da840b4880 18579       3       org.jetbrains.kotlin.resolve.calls.smartcasts.DataFlowInfoImpl::containsNothing (90 bytes)
Event: 39.254 Thread 0x000002da840b4880 nmethod 18579 0x000002dae9c3a490 code [0x000002dae9c3a720, 0x000002dae9c3b5d8]
Event: 39.254 Thread 0x000002da840b4880 18578       3       javaslang.collection.LinkedHashMap::empty (4 bytes)
Event: 39.254 Thread 0x000002da840b4880 nmethod 18578 0x000002dae9a8b810 code [0x000002dae9a8b9a0, 0x000002dae9a8ba98]
Event: 39.254 Thread 0x000002da840b4880 18580       3       javaslang.collection.HashArrayMappedTrieModule$IndexedNode::modify (363 bytes)
Event: 39.256 Thread 0x000002da840b4880 nmethod 18580 0x000002daeaa8ed10 code [0x000002daeaa8f0c0, 0x000002daeaa90ec8]

GC Heap History (20 events):
Event: 12.988 GC heap before
{Heap before GC invocations=28 (full 0):
 garbage-first heap   total 184320K, used 123804K [0x0000000702000000, 0x0000000800000000)
  region size 2048K, 13 young (26624K), 2 survivors (4096K)
 Metaspace       used 62188K, committed 62528K, reserved 1105920K
  class space    used 7121K, committed 7296K, reserved 1048576K
}
Event: 13.003 GC heap after
{Heap after GC invocations=29 (full 0):
 garbage-first heap   total 184320K, used 106786K [0x0000000702000000, 0x0000000800000000)
  region size 2048K, 2 young (4096K), 2 survivors (4096K)
 Metaspace       used 62188K, committed 62528K, reserved 1105920K
  class space    used 7121K, committed 7296K, reserved 1048576K
}
Event: 13.104 GC heap before
{Heap before GC invocations=29 (full 0):
 garbage-first heap   total 184320K, used 110882K [0x0000000702000000, 0x0000000800000000)
  region size 2048K, 4 young (8192K), 2 survivors (4096K)
 Metaspace       used 62270K, committed 62592K, reserved 1105920K
  class space    used 7126K, committed 7296K, reserved 1048576K
}
Event: 13.115 GC heap after
{Heap after GC invocations=30 (full 0):
 garbage-first heap   total 184320K, used 108351K [0x0000000702000000, 0x0000000800000000)
  region size 2048K, 1 young (2048K), 1 survivors (2048K)
 Metaspace       used 62270K, committed 62592K, reserved 1105920K
  class space    used 7126K, committed 7296K, reserved 1048576K
}
Event: 13.647 GC heap before
{Heap before GC invocations=30 (full 0):
 garbage-first heap   total 184320K, used 141119K [0x0000000702000000, 0x0000000800000000)
  region size 2048K, 17 young (34816K), 1 survivors (2048K)
 Metaspace       used 62430K, committed 62720K, reserved 1105920K
  class space    used 7136K, committed 7296K, reserved 1048576K
}
Event: 13.657 GC heap after
{Heap after GC invocations=31 (full 0):
 garbage-first heap   total 278528K, used 114484K [0x0000000702000000, 0x0000000800000000)
  region size 2048K, 3 young (6144K), 3 survivors (6144K)
 Metaspace       used 62430K, committed 62720K, reserved 1105920K
  class space    used 7136K, committed 7296K, reserved 1048576K
}
Event: 14.989 GC heap before
{Heap before GC invocations=32 (full 0):
 garbage-first heap   total 278528K, used 198452K [0x0000000702000000, 0x0000000800000000)
  region size 2048K, 44 young (90112K), 3 survivors (6144K)
 Metaspace       used 64210K, committed 64576K, reserved 1105920K
  class space    used 7334K, committed 7488K, reserved 1048576K
}
Event: 15.018 GC heap after
{Heap after GC invocations=33 (full 0):
 garbage-first heap   total 278528K, used 127488K [0x0000000702000000, 0x0000000800000000)
  region size 2048K, 6 young (12288K), 6 survivors (12288K)
 Metaspace       used 64210K, committed 64576K, reserved 1105920K
  class space    used 7334K, committed 7488K, reserved 1048576K
}
Event: 15.042 GC heap before
{Heap before GC invocations=33 (full 0):
 garbage-first heap   total 278528K, used 129536K [0x0000000702000000, 0x0000000800000000)
  region size 2048K, 7 young (14336K), 6 survivors (12288K)
 Metaspace       used 64210K, committed 64576K, reserved 1105920K
  class space    used 7334K, committed 7488K, reserved 1048576K
}
Event: 15.066 GC heap after
{Heap after GC invocations=34 (full 0):
 garbage-first heap   total 278528K, used 128603K [0x0000000702000000, 0x0000000800000000)
  region size 2048K, 1 young (2048K), 1 survivors (2048K)
 Metaspace       used 64210K, committed 64576K, reserved 1105920K
  class space    used 7334K, committed 7488K, reserved 1048576K
}
Event: 15.943 GC heap before
{Heap before GC invocations=34 (full 0):
 garbage-first heap   total 278528K, used 204379K [0x0000000702000000, 0x0000000800000000)
  region size 2048K, 38 young (77824K), 1 survivors (2048K)
 Metaspace       used 65412K, committed 65792K, reserved 1114112K
  class space    used 7460K, committed 7616K, reserved 1048576K
}
Event: 15.964 GC heap after
{Heap after GC invocations=35 (full 0):
 garbage-first heap   total 278528K, used 140939K [0x0000000702000000, 0x0000000800000000)
  region size 2048K, 5 young (10240K), 5 survivors (10240K)
 Metaspace       used 65412K, committed 65792K, reserved 1114112K
  class space    used 7460K, committed 7616K, reserved 1048576K
}
Event: 16.805 GC heap before
{Heap before GC invocations=36 (full 0):
 garbage-first heap   total 278528K, used 210571K [0x0000000702000000, 0x0000000800000000)
  region size 2048K, 39 young (79872K), 5 survivors (10240K)
 Metaspace       used 65548K, committed 65920K, reserved 1114112K
  class space    used 7465K, committed 7616K, reserved 1048576K
}
Event: 16.827 GC heap after
{Heap after GC invocations=37 (full 0):
 garbage-first heap   total 278528K, used 149713K [0x0000000702000000, 0x0000000800000000)
  region size 2048K, 5 young (10240K), 5 survivors (10240K)
 Metaspace       used 65548K, committed 65920K, reserved 1114112K
  class space    used 7465K, committed 7616K, reserved 1048576K
}
Event: 16.834 GC heap before
{Heap before GC invocations=37 (full 0):
 garbage-first heap   total 278528K, used 151761K [0x0000000702000000, 0x0000000800000000)
  region size 2048K, 6 young (12288K), 5 survivors (10240K)
 Metaspace       used 65548K, committed 65920K, reserved 1114112K
  class space    used 7465K, committed 7616K, reserved 1048576K
}
Event: 16.843 GC heap after
{Heap after GC invocations=38 (full 0):
 garbage-first heap   total 278528K, used 149958K [0x0000000702000000, 0x0000000800000000)
  region size 2048K, 1 young (2048K), 1 survivors (2048K)
 Metaspace       used 65548K, committed 65920K, reserved 1114112K
  class space    used 7465K, committed 7616K, reserved 1048576K
}
Event: 17.183 GC heap before
{Heap before GC invocations=38 (full 0):
 garbage-first heap   total 278528K, used 215494K [0x0000000702000000, 0x0000000800000000)
  region size 2048K, 33 young (67584K), 1 survivors (2048K)
 Metaspace       used 65590K, committed 65920K, reserved 1114112K
  class space    used 7465K, committed 7616K, reserved 1048576K
}
Event: 17.192 GC heap after
{Heap after GC invocations=39 (full 0):
 garbage-first heap   total 835584K, used 150583K [0x0000000702000000, 0x0000000800000000)
  region size 2048K, 1 young (2048K), 1 survivors (2048K)
 Metaspace       used 65590K, committed 65920K, reserved 1114112K
  class space    used 7465K, committed 7616K, reserved 1048576K
}
Event: 30.590 GC heap before
{Heap before GC invocations=39 (full 0):
 garbage-first heap   total 835584K, used 617527K [0x0000000702000000, 0x0000000800000000)
  region size 2048K, 229 young (468992K), 1 survivors (2048K)
 Metaspace       used 74341K, committed 74752K, reserved 1122304K
  class space    used 8257K, committed 8448K, reserved 1048576K
}
Event: 30.645 GC heap after
{Heap after GC invocations=40 (full 0):
 garbage-first heap   total 835584K, used 182568K [0x0000000702000000, 0x0000000800000000)
  region size 2048K, 17 young (34816K), 17 survivors (34816K)
 Metaspace       used 74341K, committed 74752K, reserved 1122304K
  class space    used 8257K, committed 8448K, reserved 1048576K
}

Dll operation events (2 events):
Event: 0.010 Loaded shared library C:\Program Files\Android\Android Studio\jbr\bin\java.dll
Event: 1.573 Loaded shared library C:\Program Files\Android\Android Studio\jbr\bin\verify.dll

Deoptimization events (20 events):
Event: 38.799 Thread 0x000002dae5d541c0 Uncommon trap: trap_request=0xffffffde fr.pc=0x000002daf130dba4 relative=0x00000000000015a4
Event: 38.799 Thread 0x000002dae5d541c0 Uncommon trap: reason=class_check action=maybe_recompile pc=0x000002daf130dba4 method=org.jetbrains.kotlin.resolve.SinceKotlinUtilKt.getOwnSinceKotlinVersion(Lorg/jetbrains/kotlin/descriptors/DeclarationDescriptor;)Lorg/jetbrains/kotlin/resolve/SinceKotli
Event: 38.799 Thread 0x000002dae5d541c0 DEOPT PACKING pc=0x000002daf130dba4 sp=0x000000ee104fad10
Event: 38.799 Thread 0x000002dae5d541c0 DEOPT UNPACKING pc=0x000002daf07369a3 sp=0x000000ee104fac68 mode 2
Event: 38.799 Thread 0x000002dae5d541c0 Uncommon trap: trap_request=0xffffffde fr.pc=0x000002daf146a390 relative=0x0000000000001f50
Event: 38.799 Thread 0x000002dae5d541c0 Uncommon trap: reason=class_check action=maybe_recompile pc=0x000002daf146a390 method=org.jetbrains.kotlin.descriptors.DelegatedDescriptorVisibility.mustCheckInImports()Z @ 4 c2
Event: 38.799 Thread 0x000002dae5d541c0 DEOPT PACKING pc=0x000002daf146a390 sp=0x000000ee104fb0d0
Event: 38.799 Thread 0x000002dae5d541c0 DEOPT UNPACKING pc=0x000002daf07369a3 sp=0x000000ee104faf58 mode 2
Event: 38.799 Thread 0x000002dae5d541c0 Uncommon trap: trap_request=0xffffffde fr.pc=0x000002daf146a390 relative=0x0000000000001f50
Event: 38.799 Thread 0x000002dae5d541c0 Uncommon trap: reason=class_check action=maybe_recompile pc=0x000002daf146a390 method=org.jetbrains.kotlin.descriptors.DelegatedDescriptorVisibility.mustCheckInImports()Z @ 4 c2
Event: 38.799 Thread 0x000002dae5d541c0 DEOPT PACKING pc=0x000002daf146a390 sp=0x000000ee104fb090
Event: 38.799 Thread 0x000002dae5d541c0 DEOPT UNPACKING pc=0x000002daf07369a3 sp=0x000000ee104faf18 mode 2
Event: 38.799 Thread 0x000002dae5d541c0 Uncommon trap: trap_request=0xffffffde fr.pc=0x000002daf146a390 relative=0x0000000000001f50
Event: 38.799 Thread 0x000002dae5d541c0 Uncommon trap: reason=class_check action=maybe_recompile pc=0x000002daf146a390 method=org.jetbrains.kotlin.descriptors.DelegatedDescriptorVisibility.mustCheckInImports()Z @ 4 c2
Event: 38.799 Thread 0x000002dae5d541c0 DEOPT PACKING pc=0x000002daf146a390 sp=0x000000ee104fb090
Event: 38.799 Thread 0x000002dae5d541c0 DEOPT UNPACKING pc=0x000002daf07369a3 sp=0x000000ee104faf18 mode 2
Event: 39.036 Thread 0x000002dae5d541c0 Uncommon trap: trap_request=0xffffffc6 fr.pc=0x000002daf172ca70 relative=0x0000000000000730
Event: 39.036 Thread 0x000002dae5d541c0 Uncommon trap: reason=bimorphic_or_optimized_type_check action=maybe_recompile pc=0x000002daf172ca70 method=org.jetbrains.kotlin.resolve.KtDescriptorUtilKt.isFunctionForExpectTypeFromCastFeature(Lorg/jetbrains/kotlin/descriptors/FunctionDescriptor;)Z @ 11
Event: 39.036 Thread 0x000002dae5d541c0 DEOPT PACKING pc=0x000002daf172ca70 sp=0x000000ee104fc5a0
Event: 39.036 Thread 0x000002dae5d541c0 DEOPT UNPACKING pc=0x000002daf07369a3 sp=0x000000ee104fc490 mode 2

Classes unloaded (0 events):
No events

Classes redefined (0 events):
No events

Internal exceptions (20 events):
Event: 19.441 Thread 0x000002dae5d541c0 Implicit null exception at 0x000002daf0fe4494 to 0x000002daf0fe8460
Event: 19.441 Thread 0x000002dae5d541c0 Implicit null exception at 0x000002daf0fe4494 to 0x000002daf0fe8460
Event: 19.442 Thread 0x000002dae5d541c0 Implicit null exception at 0x000002daf0fe4494 to 0x000002daf0fe8460
Event: 19.442 Thread 0x000002dae5d541c0 Implicit null exception at 0x000002daf0fe4494 to 0x000002daf0fe8460
Event: 19.442 Thread 0x000002dae5d541c0 Implicit null exception at 0x000002daf0fe4494 to 0x000002daf0fe8460
Event: 19.442 Thread 0x000002dae5d541c0 Implicit null exception at 0x000002daf0fe4494 to 0x000002daf0fe8460
Event: 19.442 Thread 0x000002dae5d541c0 Implicit null exception at 0x000002daf0fe4494 to 0x000002daf0fe8460
Event: 19.442 Thread 0x000002dae5d541c0 Implicit null exception at 0x000002daf0fe4494 to 0x000002daf0fe8460
Event: 19.442 Thread 0x000002dae5d541c0 Implicit null exception at 0x000002daf0fe4494 to 0x000002daf0fe8460
Event: 19.442 Thread 0x000002dae5d541c0 Implicit null exception at 0x000002daf0fe4494 to 0x000002daf0fe8460
Event: 19.442 Thread 0x000002dae5d541c0 Implicit null exception at 0x000002daf0fe4494 to 0x000002daf0fe8460
Event: 19.442 Thread 0x000002dae5d541c0 Implicit null exception at 0x000002daf0f9bdcc to 0x000002daf0f9d594
Event: 19.443 Thread 0x000002dae5d541c0 Implicit null exception at 0x000002daf0ecc085 to 0x000002daf0ecc860
Event: 19.444 Thread 0x000002dae5d541c0 Implicit null exception at 0x000002daf127e0f2 to 0x000002daf127e80c
Event: 21.431 Thread 0x000002dae5d541c0 Implicit null exception at 0x000002daf0e0dd04 to 0x000002daf0e0dd99
Event: 22.540 Thread 0x000002dae5d541c0 Exception <a 'java/lang/NoSuchMethodError'{0x00000007292059c8}: 'java.lang.Object java.lang.invoke.DirectMethodHandle$Holder.newInvokeSpecial(java.lang.Object, int, java.lang.Object, java.lang.Object)'> (0x00000007292059c8) 
thrown [s\src\hotspot\share\interpreter\linkResolver.cpp, line 771]
Event: 23.704 Thread 0x000002dae5d541c0 Exception <a 'java/lang/IncompatibleClassChangeError'{0x00000007275a4f78}: Found class java.lang.Object, but interface was expected> (0x00000007275a4f78) 
thrown [s\src\hotspot\share\interpreter\linkResolver.cpp, line 838]
Event: 28.967 Thread 0x000002dae5d541c0 Implicit null exception at 0x000002daf1487963 to 0x000002daf148a6c0
Event: 34.183 Thread 0x000002dae5d541c0 Implicit null exception at 0x000002daf0dd2474 to 0x000002daf0dd2928
Event: 36.970 Thread 0x000002dae5d541c0 Implicit null exception at 0x000002daf1433c40 to 0x000002daf1435a20

VM Operations (20 events):
Event: 36.511 Executing VM operation: Cleanup
Event: 36.511 Executing VM operation: Cleanup done
Event: 36.974 Executing VM operation: HandshakeAllThreads
Event: 36.975 Executing VM operation: HandshakeAllThreads done
Event: 37.109 Executing VM operation: ICBufferFull
Event: 37.109 Executing VM operation: ICBufferFull done
Event: 37.482 Executing VM operation: ICBufferFull
Event: 37.483 Executing VM operation: ICBufferFull done
Event: 37.911 Executing VM operation: ICBufferFull
Event: 37.911 Executing VM operation: ICBufferFull done
Event: 38.055 Executing VM operation: HandshakeAllThreads
Event: 38.056 Executing VM operation: HandshakeAllThreads done
Event: 38.111 Executing VM operation: HandshakeAllThreads
Event: 38.111 Executing VM operation: HandshakeAllThreads done
Event: 38.321 Executing VM operation: ICBufferFull
Event: 38.321 Executing VM operation: ICBufferFull done
Event: 38.334 Executing VM operation: HandshakeAllThreads
Event: 38.361 Executing VM operation: HandshakeAllThreads done
Event: 38.799 Executing VM operation: ICBufferFull
Event: 38.799 Executing VM operation: ICBufferFull done

Events (20 events):
Event: 38.391 Thread 0x000002da84132600 flushing nmethod 0x000002daeafde810
Event: 38.391 Thread 0x000002da84132600 flushing nmethod 0x000002daeafe0f10
Event: 38.391 Thread 0x000002da84132600 flushing nmethod 0x000002daeafe6c90
Event: 38.391 Thread 0x000002da84132600 flushing nmethod 0x000002daeafe9a90
Event: 38.392 Thread 0x000002da84132600 flushing nmethod 0x000002daeb01e410
Event: 38.392 Thread 0x000002da84132600 flushing nmethod 0x000002daeb067a10
Event: 38.392 Thread 0x000002da84132600 flushing nmethod 0x000002daeb07e190
Event: 38.392 Thread 0x000002da84132600 flushing nmethod 0x000002daeb0cdb10
Event: 38.392 Thread 0x000002da84132600 flushing nmethod 0x000002daeb121190
Event: 38.393 Thread 0x000002da84132600 flushing nmethod 0x000002daeb152090
Event: 38.393 Thread 0x000002da84132600 flushing nmethod 0x000002daeb16a410
Event: 38.393 Thread 0x000002da84132600 flushing nmethod 0x000002daeb193e10
Event: 38.393 Thread 0x000002da84132600 flushing nmethod 0x000002daeb2a8c90
Event: 38.394 Thread 0x000002da84132600 flushing nmethod 0x000002daeb37a390
Event: 38.394 Thread 0x000002da84132600 flushing nmethod 0x000002daeb3fbf10
Event: 38.394 Thread 0x000002da84132600 flushing nmethod 0x000002daeb404710
Event: 38.394 Thread 0x000002da84132600 flushing nmethod 0x000002daeb41a210
Event: 38.395 Thread 0x000002da84132600 flushing nmethod 0x000002daeb485a90
Event: 38.396 Thread 0x000002da84132600 flushing nmethod 0x000002daeb650a90
Event: 38.397 Thread 0x000002da84132600 flushing nmethod 0x000002daeb741010


Dynamic libraries:
0x00007ff7394b0000 - 0x00007ff7394ba000 	C:\Program Files\Android\Android Studio\jbr\bin\java.exe
0x00007ffb56330000 - 0x00007ffb56547000 	C:\Windows\SYSTEM32\ntdll.dll
0x00007ffb54bf0000 - 0x00007ffb54cb4000 	C:\Windows\System32\KERNEL32.DLL
0x00007ffb53cd0000 - 0x00007ffb54076000 	C:\Windows\System32\KERNELBASE.dll
0x00007ffb53bb0000 - 0x00007ffb53cc1000 	C:\Windows\System32\ucrtbase.dll
0x00007ffb14070000 - 0x00007ffb14087000 	C:\Program Files\Android\Android Studio\jbr\bin\jli.dll
0x00007ffb56140000 - 0x00007ffb562ee000 	C:\Windows\System32\USER32.dll
0x00007ffb536f0000 - 0x00007ffb53716000 	C:\Windows\System32\win32u.dll
0x00007ffb548d0000 - 0x00007ffb548f9000 	C:\Windows\System32\GDI32.dll
0x00007ffb53920000 - 0x00007ffb53a38000 	C:\Windows\System32\gdi32full.dll
0x00007ffb53750000 - 0x00007ffb537ea000 	C:\Windows\System32\msvcp_win.dll
0x00007ffb43a30000 - 0x00007ffb43a4b000 	C:\Program Files\Android\Android Studio\jbr\bin\VCRUNTIME140.dll
0x00007ffb464a0000 - 0x00007ffb46733000 	C:\Windows\WinSxS\amd64_microsoft.windows.common-controls_6595b64144ccf1df_6.0.22621.2506_none_270c5ae97388e100\COMCTL32.dll
0x00007ffb54f70000 - 0x00007ffb55017000 	C:\Windows\System32\msvcrt.dll
0x00007ffb54890000 - 0x00007ffb548c1000 	C:\Windows\System32\IMM32.DLL
0x00007ffb47710000 - 0x00007ffb4773e000 	C:\Users\Touhid\Downloads\mactype-test-20220801\MacType64.dll
0x00007ffb54b30000 - 0x00007ffb54be3000 	C:\Windows\System32\ADVAPI32.dll
0x00007ffb56090000 - 0x00007ffb56138000 	C:\Windows\System32\sechost.dll
0x00007ffb53720000 - 0x00007ffb53748000 	C:\Windows\System32\bcrypt.dll
0x00007ffb55dd0000 - 0x00007ffb55ee7000 	C:\Windows\System32\RPCRT4.dll
0x00007ffb47740000 - 0x00007ffb4779a000 	C:\Users\Touhid\Downloads\mactype-test-20220801\Easyhk64.dll
0x00007ffb38130000 - 0x00007ffb38289000 	C:\Users\Touhid\Downloads\mactype-test-20220801\MacType64.Core.dll
0x00007ffb4f920000 - 0x00007ffb4ff0e000 	C:\Windows\SYSTEM32\d2d1.dll
0x00007ffb4f440000 - 0x00007ffb4f6b3000 	C:\Windows\SYSTEM32\dwrite.dll
0x00007ffb53670000 - 0x00007ffb536ea000 	C:\Windows\System32\bcryptPrimitives.dll
0x00007ffb16880000 - 0x00007ffb1688c000 	C:\Program Files\Android\Android Studio\jbr\bin\vcruntime140_1.dll
0x00007ffb167f0000 - 0x00007ffb1687d000 	C:\Program Files\Android\Android Studio\jbr\bin\msvcp140.dll
0x00007ffb129c0000 - 0x00007ffb1362e000 	C:\Program Files\Android\Android Studio\jbr\bin\server\jvm.dll
0x00007ffb42380000 - 0x00007ffb42389000 	C:\Windows\SYSTEM32\WSOCK32.dll
0x00007ffb56010000 - 0x00007ffb56081000 	C:\Windows\System32\WS2_32.dll
0x00007ffb467a0000 - 0x00007ffb467d4000 	C:\Windows\SYSTEM32\WINMM.dll
0x00007ffb4ed70000 - 0x00007ffb4ed7a000 	C:\Windows\SYSTEM32\VERSION.dll
0x00007ffb526a0000 - 0x00007ffb526b8000 	C:\Windows\SYSTEM32\kernel.appcore.dll
0x00007ffb361e0000 - 0x00007ffb361ea000 	C:\Program Files\Android\Android Studio\jbr\bin\jimage.dll
0x00007ffb44140000 - 0x00007ffb44373000 	C:\Windows\SYSTEM32\DBGHELP.DLL
0x00007ffb551e0000 - 0x00007ffb55569000 	C:\Windows\System32\combase.dll
0x00007ffb54080000 - 0x00007ffb54157000 	C:\Windows\System32\OLEAUT32.dll
0x00007ffb17ab0000 - 0x00007ffb17ae2000 	C:\Windows\SYSTEM32\dbgcore.DLL
0x00007ffb25b10000 - 0x00007ffb25b35000 	C:\Program Files\Android\Android Studio\jbr\bin\java.dll
0x00007ffb18b80000 - 0x00007ffb18b98000 	C:\Program Files\Android\Android Studio\jbr\bin\zip.dll
0x00007ffb55570000 - 0x00007ffb55dca000 	C:\Windows\System32\SHELL32.dll
0x00007ffb515c0000 - 0x00007ffb51eb6000 	C:\Windows\SYSTEM32\windows.storage.dll
0x00007ffb51480000 - 0x00007ffb515be000 	C:\Windows\SYSTEM32\wintypes.dll
0x00007ffb55020000 - 0x00007ffb55113000 	C:\Windows\System32\SHCORE.dll
0x000002da84390000 - 0x000002da843ee000 	C:\Windows\System32\shlwapi.dll
0x00007ffb535a0000 - 0x00007ffb535c6000 	C:\Windows\SYSTEM32\profapi.dll
0x00007ffb16720000 - 0x00007ffb16739000 	C:\Program Files\Android\Android Studio\jbr\bin\net.dll
0x00007ffb4e130000 - 0x00007ffb4e267000 	C:\Windows\SYSTEM32\WINHTTP.dll
0x00007ffb52b20000 - 0x00007ffb52b89000 	C:\Windows\system32\mswsock.dll
0x00007ffb16700000 - 0x00007ffb16716000 	C:\Program Files\Android\Android Studio\jbr\bin\nio.dll
0x00007ffb273f0000 - 0x00007ffb27400000 	C:\Program Files\Android\Android Studio\jbr\bin\verify.dll

dbghelp: loaded successfully - version: 4.0.5 - missing functions: none
symbol engine: initialized successfully - sym options: 0x614 - pdb path: .;C:\Program Files\Android\Android Studio\jbr\bin;C:\Windows\SYSTEM32;C:\Windows\WinSxS\amd64_microsoft.windows.common-controls_6595b64144ccf1df_6.0.22621.2506_none_270c5ae97388e100;C:\Users\Touhid\Downloads\mactype-test-20220801;C:\Program Files\Android\Android Studio\jbr\bin\server

VM Arguments:
java_command: org.jetbrains.kotlin.cli.jvm.K2JVMCompiler @C:\Users\Touhid\Downloads\linphone-android\app\build\20240127_17246013749040481357.compiler.options
java_class_path (initial): C:\Users\Touhid\caches\modules-2\files-2.1\org.jetbrains.kotlin\kotlin-compiler-embeddable\1.8.21\a4a682d55fb788432e4b7bf2ab3acb7a7365fb35\kotlin-compiler-embeddable-1.8.21.jar;C:\Users\Touhid\caches\modules-2\files-2.1\org.jetbrains.kotlin\kotlin-stdlib\1.8.21\43d50ab85bc7587adfe3dda3dbe579e5f8d51265\kotlin-stdlib-1.8.21.jar;C:\Users\Touhid\caches\modules-2\files-2.1\org.jetbrains.kotlin\kotlin-script-runtime\1.8.21\bf43f76b6e29bdc09b6c8a4511a9118b0ab12b1f\kotlin-script-runtime-1.8.21.jar;C:\Users\Touhid\caches\modules-2\files-2.1\org.jetbrains.kotlin\kotlin-reflect\1.6.10\1cbe9c92c12a94eea200d23c2bbaedaf3daf5132\kotlin-reflect-1.6.10.jar;C:\Users\Touhid\caches\modules-2\files-2.1\org.jetbrains.kotlin\kotlin-daemon-embeddable\1.8.21\882003c48db58d16c8fb5a933abf08b5974a1a19\kotlin-daemon-embeddable-1.8.21.jar;C:\Users\Touhid\caches\modules-2\files-2.1\org.jetbrains.intellij.deps\trove4j\1.0.20200330\3afb14d5f9ceb459d724e907a21145e8ff394f02\trove4j-1.0.20200330.jar;C:\Users\Touhid\caches\modules-2\files-2.1\net.java.dev.jna\jna\5.6.0\330f2244e9030119ab3030fc3fededc86713d9cc\jna-5.6.0.jar;C:\Users\Touhid\caches\modules-2\files-2.1\org.jetbrains.kotlin\kotlin-stdlib-common\1.8.21\d749cd5ae25da36d06e5028785038e24f9d37976\kotlin-stdlib-common-1.8.21.jar;C:\Users\Touhid\caches\modules-2\files-2.1\org.jetbrains\annotations\13.0\919f0dfe192fb4e063e7dacadee7f8bb9a2672a9\annotations-13.0.jar
Launcher Type: SUN_STANDARD

[Global flags]
     intx CICompilerCount                          = 3                                         {product} {ergonomic}
     uint ConcGCThreads                            = 1                                         {product} {ergonomic}
     uint G1ConcRefinementThreads                  = 4                                         {product} {ergonomic}
   size_t G1HeapRegionSize                         = 2097152                                   {product} {ergonomic}
    uintx GCDrainStackTargetSize                   = 64                                        {product} {ergonomic}
   size_t InitialHeapSize                          = 266338304                                 {product} {ergonomic}
   size_t MarkStackSize                            = 4194304                                   {product} {ergonomic}
   size_t MaxHeapSize                              = 4261412864                                {product} {ergonomic}
   size_t MaxNewSize                               = 2556428288                                {product} {ergonomic}
   size_t MinHeapDeltaBytes                        = 2097152                                   {product} {ergonomic}
   size_t MinHeapSize                              = 8388608                                   {product} {ergonomic}
    uintx NonNMethodCodeHeapSize                   = 5832780                                {pd product} {ergonomic}
    uintx NonProfiledCodeHeapSize                  = 122912730                              {pd product} {ergonomic}
    uintx ProfiledCodeHeapSize                     = 122912730                              {pd product} {ergonomic}
    uintx ReservedCodeCacheSize                    = 251658240                              {pd product} {ergonomic}
     bool SegmentedCodeCache                       = true                                      {product} {ergonomic}
   size_t SoftMaxHeapSize                          = 4261412864                             {manageable} {ergonomic}
     bool UseCompressedClassPointers               = true                           {product lp64_product} {ergonomic}
     bool UseCompressedOops                        = true                           {product lp64_product} {ergonomic}
     bool UseG1GC                                  = true                                      {product} {ergonomic}
     bool UseLargePagesIndividualAllocation        = false                                  {pd product} {ergonomic}

Logging:
Log output configuration:
 #0: stdout all=warning uptime,level,tags
 #1: stderr all=off uptime,level,tags

Environment Variables:
JAVA_HOME=C:\Program Files\Amazon Corretto\jdk17.0.8_8
PATH=C:\Program Files\Amazon Corretto\jdk1.8.0_382\bin;C:\Program Files\Amazon Corretto\jdk21.0.0_35\bin;C:\Program Files\Amazon Corretto\jdk15.0.2_7\bin;C:\Windows\system32;C:\Windows;C:\Windows\System32\Wbem;C:\Windows\System32\WindowsPowerShell\v1.0\;C:\Windows\System32\OpenSSH\;C:\Program Files\Microsoft VS Code\bin;C:\ProgramData\ComposerSetup\bin;C:\Users\Touhid\AppData\Roaming\nvm;C:\Program Files\nodejs;C:\Program Files\Microsoft SQL Server\150\Tools\Binn\;C:\Program Files\Microsoft SQL Server\Client SDK\ODBC\170\Tools\Binn\;C:\Program Files\PuTTY\;C:\ProgramData\chocolatey\bin;C:\Program Files\dotnet\;C:\Program Files\Docker\Docker\resources\bin;C:\laragon\bin\php\php-7.4.13-nts-Win32-vc15-x64;C:\Program Files (x86)\Microsoft SQL Server\110\Tools\Binn\;C:\Program Files\Microsoft SQL Server\110\Tools\Binn\;C:\Program Files\Microsoft SQL Server\110\DTS\Binn\;C:\Program Files (x86)\Microsoft SQL Server\110\Tools\Binn\ManagementStudio\;C:\Program Files (x86)\Microsoft SQL Server\110\DTS\Binn\;C:\Program Files\Amazon\AWSCLIV2\;C:\Program Files\LLVM\bin;C:\Program Files\PowerShell\7\;C:\Program Files\Cloudflare\Cloudflare WARP\;C:\laragon\bin;C:\laragon\bin\apache\httpd-2.4.54-win64-VS16\bin;C:\laragon\bin\composer;C:\laragon\bin\git\bin;C:\laragon\bin\git\cmd;C:\laragon\bin\git\mingw64\bin;C:\laragon\bin\git\usr\bin;C:\laragon\bin\laragon\utils;C:\laragon\bin\mysql\mysql-8.0.30-winx64\bin;C:\laragon\bin\nginx\nginx-1.22.0;C:\laragon\bin\ngrok;C:\laragon\bin\nodejs\node-v18;C:\laragon\bin\notepad++;C:\laragon\bin\php\php-8.2.1-nts-Win32-vs16-x64;C:\laragon\bin\python\python-3.10;C:\laragon\bin\python\python-3.10\Scripts;C:\laragon\bin\redis\redis-x64-5.0.14.1;C:\laragon\bin\telnet;C:\laragon\usr\bin;C:\Users\Touhid\AppData\Local\Yarn\config\global\node_modules\.bin;C:\Users\Touhid\AppData\Roaming\Composer\vendor\bin;C:\Users\Touhid\AppData\Roaming\npm;C:\Users\Touhid\.cargo\bin;C:\Users\Touhid\AppData\Local\Microsoft\WindowsApps;C:\Users\Touhid\AppData\Roaming\nvm;C
USERNAME=Touhid
OS=Windows_NT
PROCESSOR_IDENTIFIER=Intel64 Family 6 Model 60 Stepping 3, GenuineIntel
TMP=C:\Users\Touhid\AppData\Local\Temp
TEMP=C:\Users\Touhid\AppData\Local\Temp


JNI global refs:
JNI global refs: 10, weak refs: 7

JNI global refs memory usage: 843, weak refs: 841


---------------  S Y S T E M  ---------------

OS:
 Windows 11 , 64 bit Build 22621 (10.0.22621.2506)
OS uptime: 0 days 0:08 hours

CPU: total 4 (initial active 4) (2 cores per cpu, 2 threads per core) family 6 model 60 stepping 3 microcode 0x28, cx8, cmov, fxsr, ht, mmx, sse, sse2, sse3, ssse3, sse4.1, sse4.2, popcnt, lzcnt, tsc, tscinvbit, avx, avx2, aes, erms, clmul, bmi1, bmi2, fma, vzeroupper, clflush

Memory: 4k page, system-wide physical 16250M (6424M free)
TotalPageFile size 32634M (AvailPageFile size 21673M)
current process WorkingSet (physical memory assigned to process): 1010M, peak: 1016M
current process commit charge ("private bytes"): 1111M, peak: 1118M

vm_info: OpenJDK 64-Bit Server VM (17.0.6+0-b2043.56-10027231) for windows-amd64 JRE (17.0.6+0-b2043.56-10027231), built on Apr 28 2023 00:43:19 by "androidbuild" with MS VC++ 16.10 / 16.11 (VS2019)

END.
